{"/Users/seongsu/DYE_Backend/ormconfig.ts": {"path":"/Users/seongsu/DYE_Backend/ormconfig.ts","statementMap":{"0":{"start":{"line":1,"column":0},"end":{"line":1,"column":36}},"1":{"start":{"line":3,"column":53},"end":{"line":3,"column":65}},"2":{"start":{"line":5,"column":0},"end":{"line":26,"column":2}}},"fnMap":{},"branchMap":{},"s":{"0":1,"1":1,"2":1},"f":{},"b":{}}
,"/Users/seongsu/DYE_Backend/src/app.ts": {"path":"/Users/seongsu/DYE_Backend/src/app.ts","statementMap":{"0":{"start":{"line":1,"column":0},"end":{"line":1,"column":30}},"1":{"start":{"line":2,"column":0},"end":{"line":2,"column":28}},"2":{"start":{"line":3,"column":0},"end":{"line":3,"column":41}},"3":{"start":{"line":4,"column":0},"end":{"line":4,"column":24}},"4":{"start":{"line":5,"column":0},"end":{"line":5,"column":43}},"5":{"start":{"line":7,"column":0},"end":{"line":7,"column":43}},"6":{"start":{"line":9,"column":0},"end":{"line":9,"column":31}},"7":{"start":{"line":10,"column":0},"end":{"line":10,"column":37}},"8":{"start":{"line":11,"column":0},"end":{"line":11,"column":62}},"9":{"start":{"line":13,"column":12},"end":{"line":13,"column":21}},"10":{"start":{"line":14,"column":13},"end":{"line":14,"column":29}},"11":{"start":{"line":16,"column":20},"end":{"line":19,"column":2}},"12":{"start":{"line":21,"column":0},"end":{"line":21,"column":27}},"13":{"start":{"line":22,"column":0},"end":{"line":22,"column":50}},"14":{"start":{"line":23,"column":0},"end":{"line":23,"column":24}},"15":{"start":{"line":24,"column":0},"end":{"line":24,"column":24}},"16":{"start":{"line":25,"column":0},"end":{"line":25,"column":48}},"17":{"start":{"line":27,"column":0},"end":{"line":27,"column":42}},"18":{"start":{"line":28,"column":0},"end":{"line":28,"column":24}},"19":{"start":{"line":29,"column":0},"end":{"line":29,"column":22}},"20":{"start":{"line":31,"column":0},"end":{"line":39,"column":null}},"21":{"start":{"line":32,"column":4},"end":{"line":38,"column":7}},"22":{"start":{"line":33,"column":8},"end":{"line":33,"column":59}},"23":{"start":{"line":34,"column":8},"end":{"line":34,"column":60}},"24":{"start":{"line":35,"column":8},"end":{"line":37,"column":46}},"25":{"start":{"line":36,"column":24},"end":{"line":36,"column":54}},"26":{"start":{"line":37,"column":28},"end":{"line":37,"column":44}},"27":{"start":{"line":41,"column":0},"end":{"line":41,"column":19}}},"fnMap":{"0":{"name":"(anonymous_7)","decl":{"start":{"line":32,"column":21},"end":{"line":32,"column":26}},"loc":{"start":{"line":32,"column":32},"end":{"line":38,"column":5}}},"1":{"name":"(anonymous_8)","decl":{"start":{"line":36,"column":18},"end":{"line":36,"column":21}},"loc":{"start":{"line":36,"column":24},"end":{"line":36,"column":54}}},"2":{"name":"(anonymous_9)","decl":{"start":{"line":37,"column":19},"end":{"line":37,"column":20}},"loc":{"start":{"line":37,"column":28},"end":{"line":37,"column":44}}}},"branchMap":{"0":{"loc":{"start":{"line":14,"column":13},"end":{"line":14,"column":29}},"type":"binary-expr","locations":[{"start":{"line":14,"column":13},"end":{"line":14,"column":21}},{"start":{"line":14,"column":25},"end":{"line":14,"column":29}}]},"1":{"loc":{"start":{"line":31,"column":0},"end":{"line":39,"column":null}},"type":"if","locations":[{"start":{"line":31,"column":0},"end":{"line":39,"column":null}}]}},"s":{"0":1,"1":1,"2":1,"3":1,"4":1,"5":1,"6":1,"7":1,"8":1,"9":1,"10":1,"11":1,"12":1,"13":1,"14":1,"15":1,"16":1,"17":1,"18":1,"19":1,"20":1,"21":0,"22":0,"23":0,"24":0,"25":0,"26":0,"27":1},"f":{"0":0,"1":0,"2":0},"b":{"0":[1,0],"1":[0]}}
,"/Users/seongsu/DYE_Backend/src/controllers/admin/info.ts": {"path":"/Users/seongsu/DYE_Backend/src/controllers/admin/info.ts","statementMap":{"0":{"start":{"line":2,"column":0},"end":{"line":2,"column":44}},"1":{"start":{"line":5,"column":13},"end":{"line":5,"column":72}},"2":{"start":{"line":8,"column":13},"end":{"line":8,"column":75}},"3":{"start":{"line":11,"column":13},"end":{"line":11,"column":75}},"4":{"start":{"line":14,"column":13},"end":{"line":14,"column":75}}},"fnMap":{"0":{"name":"(anonymous_0)","decl":{"start":{"line":5,"column":35},"end":{"line":5,"column":36}},"loc":{"start":{"line":5,"column":67},"end":{"line":5,"column":70}}},"1":{"name":"(anonymous_1)","decl":{"start":{"line":8,"column":38},"end":{"line":8,"column":39}},"loc":{"start":{"line":8,"column":70},"end":{"line":8,"column":73}}},"2":{"name":"(anonymous_2)","decl":{"start":{"line":11,"column":38},"end":{"line":11,"column":39}},"loc":{"start":{"line":11,"column":70},"end":{"line":11,"column":73}}},"3":{"name":"(anonymous_3)","decl":{"start":{"line":14,"column":38},"end":{"line":14,"column":39}},"loc":{"start":{"line":14,"column":70},"end":{"line":14,"column":73}}}},"branchMap":{},"s":{"0":1,"1":1,"2":1,"3":1,"4":1},"f":{"0":0,"1":0,"2":0,"3":0},"b":{}}
,"/Users/seongsu/DYE_Backend/src/controllers/admin/retrieve.ts": {"path":"/Users/seongsu/DYE_Backend/src/controllers/admin/retrieve.ts","statementMap":{"0":{"start":{"line":2,"column":0},"end":{"line":2,"column":44}},"1":{"start":{"line":5,"column":13},"end":{"line":5,"column":79}}},"fnMap":{"0":{"name":"(anonymous_0)","decl":{"start":{"line":5,"column":42},"end":{"line":5,"column":43}},"loc":{"start":{"line":5,"column":74},"end":{"line":5,"column":77}}}},"branchMap":{},"s":{"0":1,"1":1},"f":{"0":0},"b":{}}
,"/Users/seongsu/DYE_Backend/src/controllers/auth/phone.ts": {"path":"/Users/seongsu/DYE_Backend/src/controllers/auth/phone.ts","statementMap":{"0":{"start":{"line":2,"column":0},"end":{"line":2,"column":44}},"1":{"start":{"line":5,"column":13},"end":{"line":5,"column":76}},"2":{"start":{"line":8,"column":13},"end":{"line":8,"column":77}}},"fnMap":{"0":{"name":"(anonymous_0)","decl":{"start":{"line":5,"column":39},"end":{"line":5,"column":40}},"loc":{"start":{"line":5,"column":71},"end":{"line":5,"column":74}}},"1":{"name":"(anonymous_1)","decl":{"start":{"line":8,"column":40},"end":{"line":8,"column":41}},"loc":{"start":{"line":8,"column":72},"end":{"line":8,"column":75}}}},"branchMap":{},"s":{"0":1,"1":1,"2":1},"f":{"0":0,"1":0},"b":{}}
,"/Users/seongsu/DYE_Backend/src/controllers/auth/token.ts": {"path":"/Users/seongsu/DYE_Backend/src/controllers/auth/token.ts","statementMap":{"0":{"start":{"line":2,"column":0},"end":{"line":2,"column":44}},"1":{"start":{"line":5,"column":13},"end":{"line":5,"column":74}},"2":{"start":{"line":8,"column":13},"end":{"line":8,"column":75}},"3":{"start":{"line":11,"column":13},"end":{"line":11,"column":75}},"4":{"start":{"line":14,"column":13},"end":{"line":14,"column":79}}},"fnMap":{"0":{"name":"(anonymous_0)","decl":{"start":{"line":5,"column":37},"end":{"line":5,"column":38}},"loc":{"start":{"line":5,"column":69},"end":{"line":5,"column":72}}},"1":{"name":"(anonymous_1)","decl":{"start":{"line":8,"column":38},"end":{"line":8,"column":39}},"loc":{"start":{"line":8,"column":70},"end":{"line":8,"column":73}}},"2":{"name":"(anonymous_2)","decl":{"start":{"line":11,"column":38},"end":{"line":11,"column":39}},"loc":{"start":{"line":11,"column":70},"end":{"line":11,"column":73}}},"3":{"name":"(anonymous_3)","decl":{"start":{"line":14,"column":42},"end":{"line":14,"column":43}},"loc":{"start":{"line":14,"column":74},"end":{"line":14,"column":77}}}},"branchMap":{},"s":{"0":1,"1":1,"2":1,"3":1,"4":1},"f":{"0":0,"1":0,"2":0,"3":0},"b":{}}
,"/Users/seongsu/DYE_Backend/src/controllers/shop/dish.ts": {"path":"/Users/seongsu/DYE_Backend/src/controllers/shop/dish.ts","statementMap":{"0":{"start":{"line":2,"column":0},"end":{"line":2,"column":44}},"1":{"start":{"line":3,"column":0},"end":{"line":3,"column":53}},"2":{"start":{"line":6,"column":13},"end":{"line":11,"column":3}},"3":{"start":{"line":7,"column":27},"end":{"line":7,"column":58}},"4":{"start":{"line":8,"column":17},"end":{"line":8,"column":57}},"5":{"start":{"line":10,"column":4},"end":{"line":10,"column":31}},"6":{"start":{"line":14,"column":13},"end":{"line":20,"column":3}},"7":{"start":{"line":15,"column":27},"end":{"line":15,"column":58}},"8":{"start":{"line":16,"column":27},"end":{"line":16,"column":58}},"9":{"start":{"line":17,"column":17},"end":{"line":17,"column":63}},"10":{"start":{"line":19,"column":4},"end":{"line":19,"column":31}},"11":{"start":{"line":23,"column":13},"end":{"line":28,"column":3}},"12":{"start":{"line":24,"column":27},"end":{"line":24,"column":58}},"13":{"start":{"line":26,"column":4},"end":{"line":26,"column":51}},"14":{"start":{"line":27,"column":4},"end":{"line":27,"column":29}},"15":{"start":{"line":31,"column":13},"end":{"line":37,"column":3}},"16":{"start":{"line":32,"column":27},"end":{"line":32,"column":58}},"17":{"start":{"line":33,"column":27},"end":{"line":33,"column":58}},"18":{"start":{"line":35,"column":4},"end":{"line":35,"column":59}},"19":{"start":{"line":36,"column":4},"end":{"line":36,"column":29}},"20":{"start":{"line":40,"column":13},"end":{"line":46,"column":3}},"21":{"start":{"line":41,"column":27},"end":{"line":41,"column":58}},"22":{"start":{"line":42,"column":27},"end":{"line":42,"column":58}},"23":{"start":{"line":44,"column":4},"end":{"line":44,"column":49}},"24":{"start":{"line":45,"column":4},"end":{"line":45,"column":29}}},"fnMap":{"0":{"name":"(anonymous_6)","decl":{"start":{"line":6,"column":42},"end":{"line":6,"column":47}},"loc":{"start":{"line":6,"column":80},"end":{"line":11,"column":1}}},"1":{"name":"(anonymous_7)","decl":{"start":{"line":14,"column":44},"end":{"line":14,"column":49}},"loc":{"start":{"line":14,"column":82},"end":{"line":20,"column":1}}},"2":{"name":"(anonymous_8)","decl":{"start":{"line":23,"column":41},"end":{"line":23,"column":46}},"loc":{"start":{"line":23,"column":79},"end":{"line":28,"column":1}}},"3":{"name":"(anonymous_9)","decl":{"start":{"line":31,"column":41},"end":{"line":31,"column":46}},"loc":{"start":{"line":31,"column":79},"end":{"line":37,"column":1}}},"4":{"name":"(anonymous_10)","decl":{"start":{"line":40,"column":41},"end":{"line":40,"column":46}},"loc":{"start":{"line":40,"column":79},"end":{"line":46,"column":1}}}},"branchMap":{},"s":{"0":1,"1":1,"2":1,"3":2,"4":2,"5":1,"6":1,"7":3,"8":3,"9":3,"10":1,"11":1,"12":0,"13":0,"14":0,"15":1,"16":0,"17":0,"18":0,"19":0,"20":1,"21":0,"22":0,"23":0,"24":0},"f":{"0":2,"1":3,"2":0,"3":0,"4":0},"b":{}}
,"/Users/seongsu/DYE_Backend/src/controllers/shop/info.ts": {"path":"/Users/seongsu/DYE_Backend/src/controllers/shop/info.ts","statementMap":{"0":{"start":{"line":2,"column":0},"end":{"line":2,"column":44}},"1":{"start":{"line":3,"column":0},"end":{"line":3,"column":53}},"2":{"start":{"line":6,"column":13},"end":{"line":11,"column":3}},"3":{"start":{"line":7,"column":27},"end":{"line":7,"column":58}},"4":{"start":{"line":8,"column":17},"end":{"line":8,"column":54}},"5":{"start":{"line":10,"column":4},"end":{"line":10,"column":31}},"6":{"start":{"line":14,"column":13},"end":{"line":17,"column":3}},"7":{"start":{"line":15,"column":4},"end":{"line":15,"column":43}},"8":{"start":{"line":16,"column":4},"end":{"line":16,"column":29}},"9":{"start":{"line":20,"column":13},"end":{"line":25,"column":3}},"10":{"start":{"line":21,"column":27},"end":{"line":21,"column":58}},"11":{"start":{"line":23,"column":4},"end":{"line":23,"column":51}},"12":{"start":{"line":24,"column":4},"end":{"line":24,"column":29}},"13":{"start":{"line":28,"column":13},"end":{"line":33,"column":3}},"14":{"start":{"line":29,"column":27},"end":{"line":29,"column":58}},"15":{"start":{"line":31,"column":4},"end":{"line":31,"column":41}},"16":{"start":{"line":32,"column":4},"end":{"line":32,"column":29}}},"fnMap":{"0":{"name":"(anonymous_6)","decl":{"start":{"line":6,"column":34},"end":{"line":6,"column":39}},"loc":{"start":{"line":6,"column":72},"end":{"line":11,"column":1}}},"1":{"name":"(anonymous_7)","decl":{"start":{"line":14,"column":37},"end":{"line":14,"column":42}},"loc":{"start":{"line":14,"column":75},"end":{"line":17,"column":1}}},"2":{"name":"(anonymous_8)","decl":{"start":{"line":20,"column":37},"end":{"line":20,"column":42}},"loc":{"start":{"line":20,"column":75},"end":{"line":25,"column":1}}},"3":{"name":"(anonymous_9)","decl":{"start":{"line":28,"column":37},"end":{"line":28,"column":42}},"loc":{"start":{"line":28,"column":75},"end":{"line":33,"column":1}}}},"branchMap":{},"s":{"0":1,"1":1,"2":1,"3":2,"4":2,"5":1,"6":1,"7":0,"8":0,"9":1,"10":0,"11":0,"12":0,"13":1,"14":0,"15":0,"16":0},"f":{"0":2,"1":0,"2":0,"3":0},"b":{}}
,"/Users/seongsu/DYE_Backend/src/controllers/shop/order.ts": {"path":"/Users/seongsu/DYE_Backend/src/controllers/shop/order.ts","statementMap":{"0":{"start":{"line":2,"column":0},"end":{"line":2,"column":44}},"1":{"start":{"line":3,"column":0},"end":{"line":3,"column":55}},"2":{"start":{"line":6,"column":13},"end":{"line":11,"column":3}},"3":{"start":{"line":7,"column":27},"end":{"line":7,"column":58}},"4":{"start":{"line":8,"column":17},"end":{"line":8,"column":57}},"5":{"start":{"line":10,"column":4},"end":{"line":10,"column":31}}},"fnMap":{"0":{"name":"(anonymous_6)","decl":{"start":{"line":6,"column":43},"end":{"line":6,"column":48}},"loc":{"start":{"line":6,"column":81},"end":{"line":11,"column":1}}}},"branchMap":{},"s":{"0":1,"1":1,"2":1,"3":2,"4":2,"5":1},"f":{"0":2},"b":{}}
,"/Users/seongsu/DYE_Backend/src/controllers/shop/post.ts": {"path":"/Users/seongsu/DYE_Backend/src/controllers/shop/post.ts","statementMap":{"0":{"start":{"line":2,"column":0},"end":{"line":2,"column":44}},"1":{"start":{"line":5,"column":13},"end":{"line":5,"column":79}},"2":{"start":{"line":8,"column":13},"end":{"line":8,"column":81}},"3":{"start":{"line":11,"column":13},"end":{"line":11,"column":78}},"4":{"start":{"line":14,"column":13},"end":{"line":14,"column":78}},"5":{"start":{"line":17,"column":13},"end":{"line":17,"column":78}}},"fnMap":{"0":{"name":"(anonymous_0)","decl":{"start":{"line":5,"column":42},"end":{"line":5,"column":43}},"loc":{"start":{"line":5,"column":74},"end":{"line":5,"column":77}}},"1":{"name":"(anonymous_1)","decl":{"start":{"line":8,"column":44},"end":{"line":8,"column":45}},"loc":{"start":{"line":8,"column":76},"end":{"line":8,"column":79}}},"2":{"name":"(anonymous_2)","decl":{"start":{"line":11,"column":41},"end":{"line":11,"column":42}},"loc":{"start":{"line":11,"column":73},"end":{"line":11,"column":76}}},"3":{"name":"(anonymous_3)","decl":{"start":{"line":14,"column":41},"end":{"line":14,"column":42}},"loc":{"start":{"line":14,"column":73},"end":{"line":14,"column":76}}},"4":{"name":"(anonymous_4)","decl":{"start":{"line":17,"column":41},"end":{"line":17,"column":42}},"loc":{"start":{"line":17,"column":73},"end":{"line":17,"column":76}}}},"branchMap":{},"s":{"0":1,"1":1,"2":1,"3":1,"4":1,"5":1},"f":{"0":0,"1":0,"2":0,"3":0,"4":0},"b":{}}
,"/Users/seongsu/DYE_Backend/src/controllers/shop/retrieve.ts": {"path":"/Users/seongsu/DYE_Backend/src/controllers/shop/retrieve.ts","statementMap":{"0":{"start":{"line":2,"column":0},"end":{"line":2,"column":44}},"1":{"start":{"line":3,"column":0},"end":{"line":3,"column":53}},"2":{"start":{"line":4,"column":0},"end":{"line":4,"column":53}},"3":{"start":{"line":9,"column":13},"end":{"line":13,"column":3}},"4":{"start":{"line":10,"column":17},"end":{"line":10,"column":48}},"5":{"start":{"line":12,"column":4},"end":{"line":12,"column":31}},"6":{"start":{"line":18,"column":13},"end":{"line":25,"column":3}},"7":{"start":{"line":19,"column":24},"end":{"line":19,"column":62}},"8":{"start":{"line":20,"column":24},"end":{"line":20,"column":63}},"9":{"start":{"line":21,"column":27},"end":{"line":21,"column":65}},"10":{"start":{"line":22,"column":17},"end":{"line":22,"column":67}},"11":{"start":{"line":24,"column":4},"end":{"line":24,"column":31}},"12":{"start":{"line":28,"column":13},"end":{"line":33,"column":3}},"13":{"start":{"line":29,"column":27},"end":{"line":29,"column":58}},"14":{"start":{"line":30,"column":17},"end":{"line":30,"column":55}},"15":{"start":{"line":32,"column":4},"end":{"line":32,"column":31}}},"fnMap":{"0":{"name":"(anonymous_6)","decl":{"start":{"line":9,"column":41},"end":{"line":9,"column":46}},"loc":{"start":{"line":9,"column":79},"end":{"line":13,"column":1}}},"1":{"name":"(anonymous_7)","decl":{"start":{"line":18,"column":44},"end":{"line":18,"column":49}},"loc":{"start":{"line":18,"column":82},"end":{"line":25,"column":1}}},"2":{"name":"(anonymous_8)","decl":{"start":{"line":28,"column":42},"end":{"line":28,"column":47}},"loc":{"start":{"line":28,"column":80},"end":{"line":33,"column":1}}}},"branchMap":{},"s":{"0":1,"1":1,"2":1,"3":1,"4":1,"5":1,"6":1,"7":4,"8":4,"9":4,"10":4,"11":1,"12":1,"13":2,"14":2,"15":1},"f":{"0":1,"1":4,"2":2},"b":{}}
,"/Users/seongsu/DYE_Backend/src/controllers/user/info.ts": {"path":"/Users/seongsu/DYE_Backend/src/controllers/user/info.ts","statementMap":{"0":{"start":{"line":2,"column":0},"end":{"line":2,"column":44}},"1":{"start":{"line":5,"column":13},"end":{"line":5,"column":71}},"2":{"start":{"line":8,"column":13},"end":{"line":8,"column":74}},"3":{"start":{"line":11,"column":13},"end":{"line":11,"column":74}},"4":{"start":{"line":14,"column":13},"end":{"line":14,"column":74}}},"fnMap":{"0":{"name":"(anonymous_0)","decl":{"start":{"line":5,"column":34},"end":{"line":5,"column":35}},"loc":{"start":{"line":5,"column":66},"end":{"line":5,"column":69}}},"1":{"name":"(anonymous_1)","decl":{"start":{"line":8,"column":37},"end":{"line":8,"column":38}},"loc":{"start":{"line":8,"column":69},"end":{"line":8,"column":72}}},"2":{"name":"(anonymous_2)","decl":{"start":{"line":11,"column":37},"end":{"line":11,"column":38}},"loc":{"start":{"line":11,"column":69},"end":{"line":11,"column":72}}},"3":{"name":"(anonymous_3)","decl":{"start":{"line":14,"column":37},"end":{"line":14,"column":38}},"loc":{"start":{"line":14,"column":69},"end":{"line":14,"column":72}}}},"branchMap":{},"s":{"0":1,"1":1,"2":1,"3":1,"4":1},"f":{"0":0,"1":0,"2":0,"3":0},"b":{}}
,"/Users/seongsu/DYE_Backend/src/controllers/user/order.ts": {"path":"/Users/seongsu/DYE_Backend/src/controllers/user/order.ts","statementMap":{"0":{"start":{"line":2,"column":0},"end":{"line":2,"column":44}},"1":{"start":{"line":3,"column":0},"end":{"line":3,"column":55}},"2":{"start":{"line":6,"column":13},"end":{"line":11,"column":3}},"3":{"start":{"line":7,"column":27},"end":{"line":7,"column":58}},"4":{"start":{"line":8,"column":17},"end":{"line":8,"column":57}},"5":{"start":{"line":10,"column":4},"end":{"line":10,"column":31}},"6":{"start":{"line":14,"column":13},"end":{"line":20,"column":3}},"7":{"start":{"line":15,"column":27},"end":{"line":15,"column":58}},"8":{"start":{"line":16,"column":28},"end":{"line":16,"column":60}},"9":{"start":{"line":17,"column":17},"end":{"line":17,"column":65}},"10":{"start":{"line":19,"column":4},"end":{"line":19,"column":31}},"11":{"start":{"line":23,"column":13},"end":{"line":23,"column":79}},"12":{"start":{"line":26,"column":13},"end":{"line":33,"column":3}},"13":{"start":{"line":27,"column":27},"end":{"line":27,"column":58}},"14":{"start":{"line":28,"column":28},"end":{"line":28,"column":60}},"15":{"start":{"line":30,"column":4},"end":{"line":30,"column":52}},"16":{"start":{"line":32,"column":4},"end":{"line":32,"column":29}}},"fnMap":{"0":{"name":"(anonymous_6)","decl":{"start":{"line":6,"column":43},"end":{"line":6,"column":48}},"loc":{"start":{"line":6,"column":81},"end":{"line":11,"column":1}}},"1":{"name":"(anonymous_7)","decl":{"start":{"line":14,"column":45},"end":{"line":14,"column":50}},"loc":{"start":{"line":14,"column":83},"end":{"line":20,"column":1}}},"2":{"name":"(anonymous_8)","decl":{"start":{"line":23,"column":42},"end":{"line":23,"column":43}},"loc":{"start":{"line":23,"column":74},"end":{"line":23,"column":77}}},"3":{"name":"(anonymous_9)","decl":{"start":{"line":26,"column":42},"end":{"line":26,"column":47}},"loc":{"start":{"line":26,"column":80},"end":{"line":33,"column":1}}}},"branchMap":{},"s":{"0":1,"1":1,"2":1,"3":0,"4":0,"5":0,"6":1,"7":0,"8":0,"9":0,"10":0,"11":1,"12":1,"13":0,"14":0,"15":0,"16":0},"f":{"0":0,"1":0,"2":0,"3":0},"b":{}}
,"/Users/seongsu/DYE_Backend/src/controllers/user/retrieve.ts": {"path":"/Users/seongsu/DYE_Backend/src/controllers/user/retrieve.ts","statementMap":{"0":{"start":{"line":2,"column":0},"end":{"line":2,"column":44}},"1":{"start":{"line":3,"column":0},"end":{"line":3,"column":52}},"2":{"start":{"line":4,"column":0},"end":{"line":4,"column":54}},"3":{"start":{"line":7,"column":13},"end":{"line":7,"column":78}},"4":{"start":{"line":10,"column":13},"end":{"line":14,"column":3}},"5":{"start":{"line":11,"column":17},"end":{"line":11,"column":36}},"6":{"start":{"line":13,"column":4},"end":{"line":13,"column":31}},"7":{"start":{"line":17,"column":13},"end":{"line":21,"column":3}},"8":{"start":{"line":18,"column":17},"end":{"line":18,"column":37}},"9":{"start":{"line":20,"column":4},"end":{"line":20,"column":31}}},"fnMap":{"0":{"name":"(anonymous_0)","decl":{"start":{"line":7,"column":41},"end":{"line":7,"column":42}},"loc":{"start":{"line":7,"column":73},"end":{"line":7,"column":76}}},"1":{"name":"(anonymous_1)","decl":{"start":{"line":10,"column":45},"end":{"line":10,"column":50}},"loc":{"start":{"line":10,"column":83},"end":{"line":14,"column":1}}},"2":{"name":"(anonymous_2)","decl":{"start":{"line":17,"column":46},"end":{"line":17,"column":51}},"loc":{"start":{"line":17,"column":84},"end":{"line":21,"column":1}}}},"branchMap":{},"s":{"0":1,"1":1,"2":1,"3":1,"4":1,"5":0,"6":0,"7":1,"8":0,"9":0},"f":{"0":0,"1":0,"2":0},"b":{}}
,"/Users/seongsu/DYE_Backend/src/controllers/user/subs.ts": {"path":"/Users/seongsu/DYE_Backend/src/controllers/user/subs.ts","statementMap":{"0":{"start":{"line":2,"column":0},"end":{"line":2,"column":44}},"1":{"start":{"line":3,"column":0},"end":{"line":3,"column":53}},"2":{"start":{"line":6,"column":13},"end":{"line":11,"column":3}},"3":{"start":{"line":7,"column":27},"end":{"line":7,"column":58}},"4":{"start":{"line":8,"column":17},"end":{"line":8,"column":55}},"5":{"start":{"line":10,"column":4},"end":{"line":10,"column":31}},"6":{"start":{"line":14,"column":13},"end":{"line":20,"column":3}},"7":{"start":{"line":15,"column":27},"end":{"line":15,"column":58}},"8":{"start":{"line":16,"column":27},"end":{"line":16,"column":66}},"9":{"start":{"line":17,"column":17},"end":{"line":17,"column":62}},"10":{"start":{"line":19,"column":4},"end":{"line":19,"column":31}},"11":{"start":{"line":23,"column":13},"end":{"line":28,"column":3}},"12":{"start":{"line":24,"column":27},"end":{"line":24,"column":58}},"13":{"start":{"line":26,"column":4},"end":{"line":26,"column":51}},"14":{"start":{"line":27,"column":4},"end":{"line":27,"column":29}},"15":{"start":{"line":31,"column":13},"end":{"line":37,"column":3}},"16":{"start":{"line":32,"column":27},"end":{"line":32,"column":58}},"17":{"start":{"line":33,"column":27},"end":{"line":33,"column":66}},"18":{"start":{"line":35,"column":4},"end":{"line":35,"column":63}},"19":{"start":{"line":36,"column":4},"end":{"line":36,"column":29}},"20":{"start":{"line":40,"column":13},"end":{"line":46,"column":3}},"21":{"start":{"line":41,"column":27},"end":{"line":41,"column":58}},"22":{"start":{"line":42,"column":27},"end":{"line":42,"column":66}},"23":{"start":{"line":44,"column":4},"end":{"line":44,"column":63}},"24":{"start":{"line":45,"column":4},"end":{"line":45,"column":29}},"25":{"start":{"line":49,"column":13},"end":{"line":55,"column":3}},"26":{"start":{"line":50,"column":27},"end":{"line":50,"column":58}},"27":{"start":{"line":51,"column":27},"end":{"line":51,"column":66}},"28":{"start":{"line":53,"column":4},"end":{"line":53,"column":70}},"29":{"start":{"line":54,"column":4},"end":{"line":54,"column":29}},"30":{"start":{"line":58,"column":13},"end":{"line":64,"column":3}},"31":{"start":{"line":59,"column":27},"end":{"line":59,"column":58}},"32":{"start":{"line":60,"column":27},"end":{"line":60,"column":66}},"33":{"start":{"line":62,"column":4},"end":{"line":62,"column":49}},"34":{"start":{"line":63,"column":4},"end":{"line":63,"column":29}}},"fnMap":{"0":{"name":"(anonymous_6)","decl":{"start":{"line":6,"column":42},"end":{"line":6,"column":47}},"loc":{"start":{"line":6,"column":80},"end":{"line":11,"column":1}}},"1":{"name":"(anonymous_7)","decl":{"start":{"line":14,"column":44},"end":{"line":14,"column":49}},"loc":{"start":{"line":14,"column":82},"end":{"line":20,"column":1}}},"2":{"name":"(anonymous_8)","decl":{"start":{"line":23,"column":41},"end":{"line":23,"column":46}},"loc":{"start":{"line":23,"column":79},"end":{"line":28,"column":1}}},"3":{"name":"(anonymous_9)","decl":{"start":{"line":31,"column":41},"end":{"line":31,"column":46}},"loc":{"start":{"line":31,"column":79},"end":{"line":37,"column":1}}},"4":{"name":"(anonymous_10)","decl":{"start":{"line":40,"column":47},"end":{"line":40,"column":52}},"loc":{"start":{"line":40,"column":85},"end":{"line":46,"column":1}}},"5":{"name":"(anonymous_11)","decl":{"start":{"line":49,"column":48},"end":{"line":49,"column":53}},"loc":{"start":{"line":49,"column":86},"end":{"line":55,"column":1}}},"6":{"name":"(anonymous_12)","decl":{"start":{"line":58,"column":41},"end":{"line":58,"column":46}},"loc":{"start":{"line":58,"column":79},"end":{"line":64,"column":1}}}},"branchMap":{},"s":{"0":1,"1":1,"2":1,"3":0,"4":0,"5":0,"6":1,"7":0,"8":0,"9":0,"10":0,"11":1,"12":0,"13":0,"14":0,"15":1,"16":0,"17":0,"18":0,"19":0,"20":1,"21":0,"22":0,"23":0,"24":0,"25":1,"26":0,"27":0,"28":0,"29":0,"30":1,"31":0,"32":0,"33":0,"34":0},"f":{"0":0,"1":0,"2":0,"3":0,"4":0,"5":0,"6":0},"b":{}}
,"/Users/seongsu/DYE_Backend/src/entities/dishes.ts": {"path":"/Users/seongsu/DYE_Backend/src/entities/dishes.ts","statementMap":{"0":{"start":{"line":1,"column":0},"end":{"line":1,"column":null}},"1":{"start":{"line":12,"column":0},"end":{"line":12,"column":40}},"2":{"start":{"line":13,"column":0},"end":{"line":13,"column":66}},"3":{"start":{"line":14,"column":0},"end":{"line":14,"column":68}},"4":{"start":{"line":15,"column":0},"end":{"line":15,"column":52}},"5":{"start":{"line":18,"column":0},"end":{"line":70,"column":null}},"6":{"start":{"line":20,"column":4},"end":{"line":20,"column":null}},"7":{"start":{"line":23,"column":4},"end":{"line":23,"column":null}},"8":{"start":{"line":26,"column":4},"end":{"line":26,"column":null}},"9":{"start":{"line":29,"column":4},"end":{"line":29,"column":null}},"10":{"start":{"line":32,"column":4},"end":{"line":32,"column":null}},"11":{"start":{"line":35,"column":4},"end":{"line":35,"column":null}},"12":{"start":{"line":38,"column":4},"end":{"line":38,"column":null}},"13":{"start":{"line":41,"column":4},"end":{"line":41,"column":null}},"14":{"start":{"line":44,"column":4},"end":{"line":44,"column":null}},"15":{"start":{"line":47,"column":4},"end":{"line":47,"column":null}},"16":{"start":{"line":50,"column":4},"end":{"line":50,"column":null}},"17":{"start":{"line":53,"column":4},"end":{"line":53,"column":null}},"18":{"start":{"line":56,"column":4},"end":{"line":56,"column":null}},"19":{"start":{"line":59,"column":4},"end":{"line":59,"column":null}},"20":{"start":{"line":58,"column":21},"end":{"line":58,"column":39}},"21":{"start":{"line":58,"column":65},"end":{"line":58,"column":90}},"22":{"start":{"line":62,"column":4},"end":{"line":62,"column":null}},"23":{"start":{"line":61,"column":21},"end":{"line":61,"column":40}},"24":{"start":{"line":61,"column":67},"end":{"line":61,"column":93}},"25":{"start":{"line":65,"column":4},"end":{"line":65,"column":null}},"26":{"start":{"line":64,"column":21},"end":{"line":64,"column":32}},"27":{"start":{"line":64,"column":51},"end":{"line":64,"column":69}},"28":{"start":{"line":69,"column":4},"end":{"line":69,"column":null}},"29":{"start":{"line":67,"column":21},"end":{"line":67,"column":26}},"30":{"start":{"line":67,"column":39},"end":{"line":67,"column":51}},"31":{"start":{"line":18,"column":13},"end":{"line":70,"column":null}},"32":{"start":{"line":18,"column":13},"end":{"line":18,"column":19}}},"fnMap":{"0":{"name":"(anonymous_2)","decl":{"start":{"line":58,"column":15},"end":{"line":58,"column":18}},"loc":{"start":{"line":58,"column":21},"end":{"line":58,"column":39}}},"1":{"name":"(anonymous_3)","decl":{"start":{"line":58,"column":41},"end":{"line":58,"column":42}},"loc":{"start":{"line":58,"column":65},"end":{"line":58,"column":90}}},"2":{"name":"(anonymous_4)","decl":{"start":{"line":61,"column":15},"end":{"line":61,"column":18}},"loc":{"start":{"line":61,"column":21},"end":{"line":61,"column":40}}},"3":{"name":"(anonymous_5)","decl":{"start":{"line":61,"column":42},"end":{"line":61,"column":43}},"loc":{"start":{"line":61,"column":67},"end":{"line":61,"column":93}}},"4":{"name":"(anonymous_6)","decl":{"start":{"line":64,"column":15},"end":{"line":64,"column":18}},"loc":{"start":{"line":64,"column":21},"end":{"line":64,"column":32}}},"5":{"name":"(anonymous_7)","decl":{"start":{"line":64,"column":34},"end":{"line":64,"column":35}},"loc":{"start":{"line":64,"column":51},"end":{"line":64,"column":69}}},"6":{"name":"(anonymous_8)","decl":{"start":{"line":67,"column":15},"end":{"line":67,"column":18}},"loc":{"start":{"line":67,"column":21},"end":{"line":67,"column":26}}},"7":{"name":"(anonymous_9)","decl":{"start":{"line":67,"column":28},"end":{"line":67,"column":29}},"loc":{"start":{"line":67,"column":39},"end":{"line":67,"column":51}}}},"branchMap":{},"s":{"0":1,"1":1,"2":1,"3":1,"4":1,"5":1,"6":1,"7":1,"8":1,"9":1,"10":1,"11":1,"12":1,"13":1,"14":1,"15":1,"16":1,"17":1,"18":1,"19":1,"20":1,"21":1,"22":1,"23":1,"24":1,"25":1,"26":1,"27":1,"28":1,"29":1,"30":1,"31":1,"32":1},"f":{"0":1,"1":1,"2":1,"3":1,"4":1,"5":1,"6":1,"7":1},"b":{}}
,"/Users/seongsu/DYE_Backend/src/entities/orderDishes.ts": {"path":"/Users/seongsu/DYE_Backend/src/entities/orderDishes.ts","statementMap":{"0":{"start":{"line":1,"column":0},"end":{"line":1,"column":null}},"1":{"start":{"line":11,"column":0},"end":{"line":11,"column":42}},"2":{"start":{"line":12,"column":0},"end":{"line":12,"column":42}},"3":{"start":{"line":15,"column":0},"end":{"line":62,"column":null}},"4":{"start":{"line":17,"column":4},"end":{"line":17,"column":null}},"5":{"start":{"line":20,"column":4},"end":{"line":20,"column":null}},"6":{"start":{"line":23,"column":4},"end":{"line":23,"column":null}},"7":{"start":{"line":26,"column":4},"end":{"line":26,"column":null}},"8":{"start":{"line":29,"column":4},"end":{"line":29,"column":null}},"9":{"start":{"line":32,"column":4},"end":{"line":32,"column":null}},"10":{"start":{"line":35,"column":4},"end":{"line":35,"column":null}},"11":{"start":{"line":38,"column":4},"end":{"line":38,"column":null}},"12":{"start":{"line":41,"column":4},"end":{"line":41,"column":null}},"13":{"start":{"line":44,"column":4},"end":{"line":44,"column":null}},"14":{"start":{"line":47,"column":4},"end":{"line":47,"column":null}},"15":{"start":{"line":50,"column":4},"end":{"line":50,"column":null}},"16":{"start":{"line":53,"column":4},"end":{"line":53,"column":null}},"17":{"start":{"line":57,"column":4},"end":{"line":57,"column":null}},"18":{"start":{"line":55,"column":21},"end":{"line":55,"column":27}},"19":{"start":{"line":55,"column":41},"end":{"line":55,"column":59}},"20":{"start":{"line":61,"column":4},"end":{"line":61,"column":null}},"21":{"start":{"line":59,"column":21},"end":{"line":59,"column":27}},"22":{"start":{"line":59,"column":41},"end":{"line":59,"column":59}},"23":{"start":{"line":15,"column":13},"end":{"line":62,"column":null}},"24":{"start":{"line":15,"column":13},"end":{"line":15,"column":24}}},"fnMap":{"0":{"name":"(anonymous_2)","decl":{"start":{"line":55,"column":15},"end":{"line":55,"column":18}},"loc":{"start":{"line":55,"column":21},"end":{"line":55,"column":27}}},"1":{"name":"(anonymous_3)","decl":{"start":{"line":55,"column":29},"end":{"line":55,"column":30}},"loc":{"start":{"line":55,"column":41},"end":{"line":55,"column":59}}},"2":{"name":"(anonymous_4)","decl":{"start":{"line":59,"column":15},"end":{"line":59,"column":18}},"loc":{"start":{"line":59,"column":21},"end":{"line":59,"column":27}}},"3":{"name":"(anonymous_5)","decl":{"start":{"line":59,"column":29},"end":{"line":59,"column":30}},"loc":{"start":{"line":59,"column":41},"end":{"line":59,"column":59}}}},"branchMap":{},"s":{"0":1,"1":1,"2":1,"3":1,"4":1,"5":1,"6":1,"7":1,"8":1,"9":1,"10":1,"11":1,"12":1,"13":1,"14":1,"15":1,"16":1,"17":1,"18":1,"19":1,"20":1,"21":1,"22":1,"23":1,"24":1},"f":{"0":1,"1":1,"2":1,"3":1},"b":{}}
,"/Users/seongsu/DYE_Backend/src/entities/orders.ts": {"path":"/Users/seongsu/DYE_Backend/src/entities/orders.ts","statementMap":{"0":{"start":{"line":1,"column":0},"end":{"line":1,"column":null}},"1":{"start":{"line":12,"column":0},"end":{"line":12,"column":40}},"2":{"start":{"line":13,"column":0},"end":{"line":13,"column":40}},"3":{"start":{"line":14,"column":0},"end":{"line":14,"column":44}},"4":{"start":{"line":17,"column":0},"end":{"line":70,"column":null}},"5":{"start":{"line":19,"column":4},"end":{"line":19,"column":null}},"6":{"start":{"line":22,"column":4},"end":{"line":22,"column":null}},"7":{"start":{"line":25,"column":4},"end":{"line":25,"column":null}},"8":{"start":{"line":28,"column":4},"end":{"line":28,"column":null}},"9":{"start":{"line":31,"column":4},"end":{"line":31,"column":null}},"10":{"start":{"line":34,"column":4},"end":{"line":34,"column":null}},"11":{"start":{"line":37,"column":4},"end":{"line":37,"column":null}},"12":{"start":{"line":40,"column":4},"end":{"line":40,"column":null}},"13":{"start":{"line":43,"column":4},"end":{"line":43,"column":null}},"14":{"start":{"line":46,"column":4},"end":{"line":46,"column":null}},"15":{"start":{"line":49,"column":4},"end":{"line":49,"column":null}},"16":{"start":{"line":52,"column":4},"end":{"line":52,"column":null}},"17":{"start":{"line":55,"column":4},"end":{"line":55,"column":null}},"18":{"start":{"line":58,"column":4},"end":{"line":58,"column":null}},"19":{"start":{"line":61,"column":4},"end":{"line":61,"column":null}},"20":{"start":{"line":60,"column":21},"end":{"line":60,"column":32}},"21":{"start":{"line":60,"column":51},"end":{"line":60,"column":69}},"22":{"start":{"line":65,"column":4},"end":{"line":65,"column":null}},"23":{"start":{"line":63,"column":21},"end":{"line":63,"column":26}},"24":{"start":{"line":63,"column":39},"end":{"line":63,"column":51}},"25":{"start":{"line":69,"column":4},"end":{"line":69,"column":null}},"26":{"start":{"line":67,"column":21},"end":{"line":67,"column":26}},"27":{"start":{"line":67,"column":39},"end":{"line":67,"column":51}},"28":{"start":{"line":17,"column":13},"end":{"line":70,"column":null}},"29":{"start":{"line":17,"column":13},"end":{"line":17,"column":19}}},"fnMap":{"0":{"name":"(anonymous_2)","decl":{"start":{"line":60,"column":15},"end":{"line":60,"column":18}},"loc":{"start":{"line":60,"column":21},"end":{"line":60,"column":32}}},"1":{"name":"(anonymous_3)","decl":{"start":{"line":60,"column":34},"end":{"line":60,"column":35}},"loc":{"start":{"line":60,"column":51},"end":{"line":60,"column":69}}},"2":{"name":"(anonymous_4)","decl":{"start":{"line":63,"column":15},"end":{"line":63,"column":18}},"loc":{"start":{"line":63,"column":21},"end":{"line":63,"column":26}}},"3":{"name":"(anonymous_5)","decl":{"start":{"line":63,"column":28},"end":{"line":63,"column":29}},"loc":{"start":{"line":63,"column":39},"end":{"line":63,"column":51}}},"4":{"name":"(anonymous_6)","decl":{"start":{"line":67,"column":15},"end":{"line":67,"column":18}},"loc":{"start":{"line":67,"column":21},"end":{"line":67,"column":26}}},"5":{"name":"(anonymous_7)","decl":{"start":{"line":67,"column":28},"end":{"line":67,"column":29}},"loc":{"start":{"line":67,"column":39},"end":{"line":67,"column":51}}}},"branchMap":{},"s":{"0":1,"1":1,"2":1,"3":1,"4":1,"5":1,"6":1,"7":1,"8":1,"9":1,"10":1,"11":1,"12":1,"13":1,"14":1,"15":1,"16":1,"17":1,"18":1,"19":1,"20":1,"21":1,"22":1,"23":1,"24":1,"25":1,"26":1,"27":1,"28":1,"29":1},"f":{"0":1,"1":1,"2":1,"3":1,"4":1,"5":1},"b":{}}
,"/Users/seongsu/DYE_Backend/src/entities/shops.ts": {"path":"/Users/seongsu/DYE_Backend/src/entities/shops.ts","statementMap":{"0":{"start":{"line":1,"column":0},"end":{"line":1,"column":130}},"1":{"start":{"line":2,"column":0},"end":{"line":2,"column":51}},"2":{"start":{"line":3,"column":0},"end":{"line":3,"column":42}},"3":{"start":{"line":4,"column":0},"end":{"line":4,"column":56}},"4":{"start":{"line":5,"column":0},"end":{"line":5,"column":42}},"5":{"start":{"line":8,"column":0},"end":{"line":80,"column":null}},"6":{"start":{"line":10,"column":4},"end":{"line":10,"column":null}},"7":{"start":{"line":13,"column":4},"end":{"line":13,"column":null}},"8":{"start":{"line":16,"column":4},"end":{"line":16,"column":null}},"9":{"start":{"line":19,"column":4},"end":{"line":19,"column":null}},"10":{"start":{"line":22,"column":4},"end":{"line":22,"column":null}},"11":{"start":{"line":25,"column":4},"end":{"line":25,"column":null}},"12":{"start":{"line":28,"column":4},"end":{"line":28,"column":null}},"13":{"start":{"line":31,"column":4},"end":{"line":31,"column":null}},"14":{"start":{"line":34,"column":4},"end":{"line":34,"column":null}},"15":{"start":{"line":37,"column":4},"end":{"line":37,"column":null}},"16":{"start":{"line":40,"column":4},"end":{"line":40,"column":null}},"17":{"start":{"line":43,"column":4},"end":{"line":43,"column":null}},"18":{"start":{"line":46,"column":4},"end":{"line":46,"column":null}},"19":{"start":{"line":49,"column":4},"end":{"line":49,"column":null}},"20":{"start":{"line":52,"column":4},"end":{"line":52,"column":null}},"21":{"start":{"line":55,"column":4},"end":{"line":55,"column":null}},"22":{"start":{"line":58,"column":4},"end":{"line":58,"column":null}},"23":{"start":{"line":61,"column":4},"end":{"line":61,"column":null}},"24":{"start":{"line":64,"column":4},"end":{"line":64,"column":null}},"25":{"start":{"line":67,"column":4},"end":{"line":67,"column":null}},"26":{"start":{"line":70,"column":4},"end":{"line":70,"column":null}},"27":{"start":{"line":69,"column":21},"end":{"line":69,"column":27}},"28":{"start":{"line":69,"column":41},"end":{"line":69,"column":53}},"29":{"start":{"line":73,"column":4},"end":{"line":73,"column":null}},"30":{"start":{"line":72,"column":21},"end":{"line":72,"column":34}},"31":{"start":{"line":72,"column":55},"end":{"line":72,"column":74}},"32":{"start":{"line":76,"column":4},"end":{"line":76,"column":null}},"33":{"start":{"line":75,"column":21},"end":{"line":75,"column":27}},"34":{"start":{"line":75,"column":41},"end":{"line":75,"column":53}},"35":{"start":{"line":79,"column":4},"end":{"line":79,"column":null}},"36":{"start":{"line":8,"column":13},"end":{"line":80,"column":null}},"37":{"start":{"line":8,"column":13},"end":{"line":8,"column":18}}},"fnMap":{"0":{"name":"(anonymous_2)","decl":{"start":{"line":69,"column":15},"end":{"line":69,"column":18}},"loc":{"start":{"line":69,"column":21},"end":{"line":69,"column":27}}},"1":{"name":"(anonymous_3)","decl":{"start":{"line":69,"column":29},"end":{"line":69,"column":30}},"loc":{"start":{"line":69,"column":41},"end":{"line":69,"column":53}}},"2":{"name":"(anonymous_4)","decl":{"start":{"line":72,"column":15},"end":{"line":72,"column":18}},"loc":{"start":{"line":72,"column":21},"end":{"line":72,"column":34}}},"3":{"name":"(anonymous_5)","decl":{"start":{"line":72,"column":36},"end":{"line":72,"column":37}},"loc":{"start":{"line":72,"column":55},"end":{"line":72,"column":74}}},"4":{"name":"(anonymous_6)","decl":{"start":{"line":75,"column":15},"end":{"line":75,"column":18}},"loc":{"start":{"line":75,"column":21},"end":{"line":75,"column":27}}},"5":{"name":"(anonymous_7)","decl":{"start":{"line":75,"column":29},"end":{"line":75,"column":30}},"loc":{"start":{"line":75,"column":41},"end":{"line":75,"column":53}}}},"branchMap":{},"s":{"0":1,"1":1,"2":1,"3":1,"4":1,"5":1,"6":1,"7":1,"8":1,"9":1,"10":1,"11":1,"12":1,"13":1,"14":1,"15":1,"16":1,"17":1,"18":1,"19":1,"20":1,"21":1,"22":1,"23":1,"24":1,"25":1,"26":1,"27":1,"28":1,"29":1,"30":1,"31":1,"32":1,"33":1,"34":1,"35":1,"36":1,"37":1},"f":{"0":1,"1":1,"2":1,"3":1,"4":1,"5":1},"b":{}}
,"/Users/seongsu/DYE_Backend/src/entities/subscriptionDishes.ts": {"path":"/Users/seongsu/DYE_Backend/src/entities/subscriptionDishes.ts","statementMap":{"0":{"start":{"line":1,"column":0},"end":{"line":1,"column":null}},"1":{"start":{"line":12,"column":0},"end":{"line":12,"column":56}},"2":{"start":{"line":13,"column":0},"end":{"line":13,"column":42}},"3":{"start":{"line":14,"column":0},"end":{"line":14,"column":68}},"4":{"start":{"line":17,"column":0},"end":{"line":74,"column":null}},"5":{"start":{"line":19,"column":4},"end":{"line":19,"column":null}},"6":{"start":{"line":22,"column":4},"end":{"line":22,"column":null}},"7":{"start":{"line":25,"column":4},"end":{"line":25,"column":null}},"8":{"start":{"line":28,"column":4},"end":{"line":28,"column":null}},"9":{"start":{"line":31,"column":4},"end":{"line":31,"column":null}},"10":{"start":{"line":34,"column":4},"end":{"line":34,"column":null}},"11":{"start":{"line":37,"column":4},"end":{"line":37,"column":null}},"12":{"start":{"line":40,"column":4},"end":{"line":40,"column":null}},"13":{"start":{"line":43,"column":4},"end":{"line":43,"column":null}},"14":{"start":{"line":46,"column":4},"end":{"line":46,"column":null}},"15":{"start":{"line":49,"column":4},"end":{"line":49,"column":null}},"16":{"start":{"line":52,"column":4},"end":{"line":52,"column":null}},"17":{"start":{"line":55,"column":4},"end":{"line":55,"column":null}},"18":{"start":{"line":58,"column":4},"end":{"line":58,"column":null}},"19":{"start":{"line":61,"column":4},"end":{"line":61,"column":null}},"20":{"start":{"line":60,"column":21},"end":{"line":60,"column":40}},"21":{"start":{"line":60,"column":67},"end":{"line":60,"column":105}},"22":{"start":{"line":69,"column":4},"end":{"line":69,"column":null}},"23":{"start":{"line":63,"column":21},"end":{"line":63,"column":34}},"24":{"start":{"line":63,"column":55},"end":{"line":63,"column":87}},"25":{"start":{"line":73,"column":4},"end":{"line":73,"column":null}},"26":{"start":{"line":71,"column":21},"end":{"line":71,"column":27}},"27":{"start":{"line":71,"column":41},"end":{"line":71,"column":66}},"28":{"start":{"line":17,"column":13},"end":{"line":74,"column":null}},"29":{"start":{"line":17,"column":13},"end":{"line":17,"column":31}}},"fnMap":{"0":{"name":"(anonymous_2)","decl":{"start":{"line":60,"column":15},"end":{"line":60,"column":18}},"loc":{"start":{"line":60,"column":21},"end":{"line":60,"column":40}}},"1":{"name":"(anonymous_3)","decl":{"start":{"line":60,"column":42},"end":{"line":60,"column":43}},"loc":{"start":{"line":60,"column":67},"end":{"line":60,"column":105}}},"2":{"name":"(anonymous_4)","decl":{"start":{"line":63,"column":15},"end":{"line":63,"column":18}},"loc":{"start":{"line":63,"column":21},"end":{"line":63,"column":34}}},"3":{"name":"(anonymous_5)","decl":{"start":{"line":63,"column":36},"end":{"line":63,"column":37}},"loc":{"start":{"line":63,"column":55},"end":{"line":63,"column":87}}},"4":{"name":"(anonymous_6)","decl":{"start":{"line":71,"column":15},"end":{"line":71,"column":18}},"loc":{"start":{"line":71,"column":21},"end":{"line":71,"column":27}}},"5":{"name":"(anonymous_7)","decl":{"start":{"line":71,"column":29},"end":{"line":71,"column":30}},"loc":{"start":{"line":71,"column":41},"end":{"line":71,"column":66}}}},"branchMap":{},"s":{"0":1,"1":1,"2":1,"3":1,"4":1,"5":1,"6":1,"7":1,"8":1,"9":1,"10":1,"11":1,"12":1,"13":1,"14":1,"15":1,"16":1,"17":1,"18":1,"19":1,"20":1,"21":1,"22":1,"23":1,"24":1,"25":1,"26":1,"27":1,"28":1,"29":1},"f":{"0":1,"1":1,"2":1,"3":1,"4":1,"5":1},"b":{}}
,"/Users/seongsu/DYE_Backend/src/entities/subscriptionOnetime.ts": {"path":"/Users/seongsu/DYE_Backend/src/entities/subscriptionOnetime.ts","statementMap":{"0":{"start":{"line":1,"column":0},"end":{"line":1,"column":null}},"1":{"start":{"line":11,"column":0},"end":{"line":11,"column":66}},"2":{"start":{"line":12,"column":0},"end":{"line":12,"column":42}},"3":{"start":{"line":15,"column":0},"end":{"line":63,"column":null}},"4":{"start":{"line":17,"column":4},"end":{"line":17,"column":null}},"5":{"start":{"line":20,"column":4},"end":{"line":20,"column":null}},"6":{"start":{"line":23,"column":4},"end":{"line":23,"column":null}},"7":{"start":{"line":26,"column":4},"end":{"line":26,"column":null}},"8":{"start":{"line":29,"column":4},"end":{"line":29,"column":null}},"9":{"start":{"line":32,"column":4},"end":{"line":32,"column":null}},"10":{"start":{"line":35,"column":4},"end":{"line":35,"column":null}},"11":{"start":{"line":38,"column":4},"end":{"line":38,"column":null}},"12":{"start":{"line":41,"column":4},"end":{"line":41,"column":null}},"13":{"start":{"line":44,"column":4},"end":{"line":44,"column":null}},"14":{"start":{"line":47,"column":4},"end":{"line":47,"column":null}},"15":{"start":{"line":50,"column":4},"end":{"line":50,"column":null}},"16":{"start":{"line":58,"column":4},"end":{"line":58,"column":null}},"17":{"start":{"line":52,"column":21},"end":{"line":52,"column":39}},"18":{"start":{"line":52,"column":65},"end":{"line":52,"column":103}},"19":{"start":{"line":62,"column":4},"end":{"line":62,"column":null}},"20":{"start":{"line":60,"column":21},"end":{"line":60,"column":27}},"21":{"start":{"line":60,"column":41},"end":{"line":60,"column":67}},"22":{"start":{"line":15,"column":13},"end":{"line":63,"column":null}},"23":{"start":{"line":15,"column":13},"end":{"line":15,"column":32}}},"fnMap":{"0":{"name":"(anonymous_2)","decl":{"start":{"line":52,"column":15},"end":{"line":52,"column":18}},"loc":{"start":{"line":52,"column":21},"end":{"line":52,"column":39}}},"1":{"name":"(anonymous_3)","decl":{"start":{"line":52,"column":41},"end":{"line":52,"column":42}},"loc":{"start":{"line":52,"column":65},"end":{"line":52,"column":103}}},"2":{"name":"(anonymous_4)","decl":{"start":{"line":60,"column":15},"end":{"line":60,"column":18}},"loc":{"start":{"line":60,"column":21},"end":{"line":60,"column":27}}},"3":{"name":"(anonymous_5)","decl":{"start":{"line":60,"column":29},"end":{"line":60,"column":30}},"loc":{"start":{"line":60,"column":41},"end":{"line":60,"column":67}}}},"branchMap":{},"s":{"0":1,"1":1,"2":1,"3":1,"4":1,"5":1,"6":1,"7":1,"8":1,"9":1,"10":1,"11":1,"12":1,"13":1,"14":1,"15":1,"16":1,"17":1,"18":1,"19":1,"20":1,"21":1,"22":1,"23":1},"f":{"0":1,"1":1,"2":1,"3":1},"b":{}}
,"/Users/seongsu/DYE_Backend/src/entities/subscriptions.ts": {"path":"/Users/seongsu/DYE_Backend/src/entities/subscriptions.ts","statementMap":{"0":{"start":{"line":1,"column":0},"end":{"line":1,"column":null}},"1":{"start":{"line":12,"column":0},"end":{"line":12,"column":40}},"2":{"start":{"line":13,"column":0},"end":{"line":13,"column":40}},"3":{"start":{"line":14,"column":0},"end":{"line":14,"column":66}},"4":{"start":{"line":17,"column":0},"end":{"line":64,"column":null}},"5":{"start":{"line":19,"column":4},"end":{"line":19,"column":null}},"6":{"start":{"line":22,"column":4},"end":{"line":22,"column":null}},"7":{"start":{"line":25,"column":4},"end":{"line":25,"column":null}},"8":{"start":{"line":28,"column":4},"end":{"line":28,"column":null}},"9":{"start":{"line":31,"column":4},"end":{"line":31,"column":null}},"10":{"start":{"line":34,"column":4},"end":{"line":34,"column":null}},"11":{"start":{"line":37,"column":4},"end":{"line":37,"column":null}},"12":{"start":{"line":40,"column":4},"end":{"line":40,"column":null}},"13":{"start":{"line":43,"column":4},"end":{"line":43,"column":null}},"14":{"start":{"line":46,"column":4},"end":{"line":46,"column":null}},"15":{"start":{"line":49,"column":4},"end":{"line":49,"column":null}},"16":{"start":{"line":52,"column":4},"end":{"line":52,"column":null}},"17":{"start":{"line":55,"column":4},"end":{"line":55,"column":null}},"18":{"start":{"line":54,"column":21},"end":{"line":54,"column":39}},"19":{"start":{"line":54,"column":65},"end":{"line":54,"column":97}},"20":{"start":{"line":59,"column":4},"end":{"line":59,"column":null}},"21":{"start":{"line":57,"column":21},"end":{"line":57,"column":26}},"22":{"start":{"line":57,"column":39},"end":{"line":57,"column":58}},"23":{"start":{"line":63,"column":4},"end":{"line":63,"column":null}},"24":{"start":{"line":61,"column":21},"end":{"line":61,"column":26}},"25":{"start":{"line":61,"column":39},"end":{"line":61,"column":58}},"26":{"start":{"line":17,"column":13},"end":{"line":64,"column":null}},"27":{"start":{"line":17,"column":13},"end":{"line":17,"column":26}}},"fnMap":{"0":{"name":"(anonymous_2)","decl":{"start":{"line":54,"column":15},"end":{"line":54,"column":18}},"loc":{"start":{"line":54,"column":21},"end":{"line":54,"column":39}}},"1":{"name":"(anonymous_3)","decl":{"start":{"line":54,"column":41},"end":{"line":54,"column":42}},"loc":{"start":{"line":54,"column":65},"end":{"line":54,"column":97}}},"2":{"name":"(anonymous_4)","decl":{"start":{"line":57,"column":15},"end":{"line":57,"column":18}},"loc":{"start":{"line":57,"column":21},"end":{"line":57,"column":26}}},"3":{"name":"(anonymous_5)","decl":{"start":{"line":57,"column":28},"end":{"line":57,"column":29}},"loc":{"start":{"line":57,"column":39},"end":{"line":57,"column":58}}},"4":{"name":"(anonymous_6)","decl":{"start":{"line":61,"column":15},"end":{"line":61,"column":18}},"loc":{"start":{"line":61,"column":21},"end":{"line":61,"column":26}}},"5":{"name":"(anonymous_7)","decl":{"start":{"line":61,"column":28},"end":{"line":61,"column":29}},"loc":{"start":{"line":61,"column":39},"end":{"line":61,"column":58}}}},"branchMap":{},"s":{"0":1,"1":1,"2":1,"3":1,"4":1,"5":1,"6":1,"7":1,"8":1,"9":1,"10":1,"11":1,"12":1,"13":1,"14":1,"15":1,"16":1,"17":1,"18":1,"19":1,"20":1,"21":1,"22":1,"23":1,"24":1,"25":1,"26":1,"27":1},"f":{"0":1,"1":1,"2":1,"3":1,"4":1,"5":1},"b":{}}
,"/Users/seongsu/DYE_Backend/src/entities/users.ts": {"path":"/Users/seongsu/DYE_Backend/src/entities/users.ts","statementMap":{"0":{"start":{"line":1,"column":0},"end":{"line":1,"column":112}},"1":{"start":{"line":2,"column":0},"end":{"line":2,"column":56}},"2":{"start":{"line":3,"column":0},"end":{"line":3,"column":42}},"3":{"start":{"line":6,"column":0},"end":{"line":54,"column":null}},"4":{"start":{"line":8,"column":4},"end":{"line":8,"column":null}},"5":{"start":{"line":11,"column":4},"end":{"line":11,"column":null}},"6":{"start":{"line":14,"column":4},"end":{"line":14,"column":null}},"7":{"start":{"line":17,"column":4},"end":{"line":17,"column":null}},"8":{"start":{"line":20,"column":4},"end":{"line":20,"column":null}},"9":{"start":{"line":23,"column":4},"end":{"line":23,"column":null}},"10":{"start":{"line":26,"column":4},"end":{"line":26,"column":null}},"11":{"start":{"line":29,"column":4},"end":{"line":29,"column":null}},"12":{"start":{"line":32,"column":4},"end":{"line":32,"column":null}},"13":{"start":{"line":35,"column":4},"end":{"line":35,"column":null}},"14":{"start":{"line":38,"column":4},"end":{"line":38,"column":null}},"15":{"start":{"line":41,"column":4},"end":{"line":41,"column":null}},"16":{"start":{"line":44,"column":4},"end":{"line":44,"column":null}},"17":{"start":{"line":47,"column":4},"end":{"line":47,"column":null}},"18":{"start":{"line":50,"column":4},"end":{"line":50,"column":null}},"19":{"start":{"line":49,"column":21},"end":{"line":49,"column":34}},"20":{"start":{"line":49,"column":55},"end":{"line":49,"column":74}},"21":{"start":{"line":53,"column":4},"end":{"line":53,"column":null}},"22":{"start":{"line":52,"column":21},"end":{"line":52,"column":27}},"23":{"start":{"line":52,"column":41},"end":{"line":52,"column":53}},"24":{"start":{"line":6,"column":13},"end":{"line":54,"column":null}},"25":{"start":{"line":6,"column":13},"end":{"line":6,"column":18}}},"fnMap":{"0":{"name":"(anonymous_2)","decl":{"start":{"line":49,"column":15},"end":{"line":49,"column":18}},"loc":{"start":{"line":49,"column":21},"end":{"line":49,"column":34}}},"1":{"name":"(anonymous_3)","decl":{"start":{"line":49,"column":36},"end":{"line":49,"column":37}},"loc":{"start":{"line":49,"column":55},"end":{"line":49,"column":74}}},"2":{"name":"(anonymous_4)","decl":{"start":{"line":52,"column":15},"end":{"line":52,"column":18}},"loc":{"start":{"line":52,"column":21},"end":{"line":52,"column":27}}},"3":{"name":"(anonymous_5)","decl":{"start":{"line":52,"column":29},"end":{"line":52,"column":30}},"loc":{"start":{"line":52,"column":41},"end":{"line":52,"column":53}}}},"branchMap":{},"s":{"0":1,"1":1,"2":1,"3":1,"4":1,"5":1,"6":1,"7":1,"8":1,"9":1,"10":1,"11":1,"12":1,"13":1,"14":1,"15":1,"16":1,"17":1,"18":1,"19":1,"20":1,"21":1,"22":1,"23":1,"24":1,"25":1},"f":{"0":1,"1":1,"2":1,"3":1},"b":{}}
,"/Users/seongsu/DYE_Backend/src/modules/apiError.ts": {"path":"/Users/seongsu/DYE_Backend/src/modules/apiError.ts","statementMap":{"0":{"start":{"line":1,"column":0},"end":{"line":1,"column":27}},"1":{"start":{"line":7,"column":8},"end":{"line":7,"column":23}},"2":{"start":{"line":8,"column":8},"end":{"line":8,"column":37}},"3":{"start":{"line":9,"column":8},"end":{"line":19,"column":null}},"4":{"start":{"line":10,"column":12},"end":{"line":10,"column":81}},"5":{"start":{"line":11,"column":12},"end":{"line":15,"column":null}},"6":{"start":{"line":12,"column":16},"end":{"line":12,"column":42}},"7":{"start":{"line":14,"column":16},"end":{"line":14,"column":64}},"8":{"start":{"line":17,"column":12},"end":{"line":17,"column":33}},"9":{"start":{"line":18,"column":12},"end":{"line":18,"column":60}},"10":{"start":{"line":3,"column":0},"end":{"line":3,"column":21}}},"fnMap":{"0":{"name":"(anonymous_0)","decl":{"start":{"line":6,"column":4},"end":{"line":6,"column":16}},"loc":{"start":{"line":6,"column":98},"end":{"line":20,"column":5}}}},"branchMap":{"0":{"loc":{"start":{"line":9,"column":8},"end":{"line":19,"column":null}},"type":"if","locations":[{"start":{"line":9,"column":8},"end":{"line":19,"column":null}},{"start":{"line":16,"column":15},"end":{"line":19,"column":null}}]},"1":{"loc":{"start":{"line":10,"column":27},"end":{"line":10,"column":80}},"type":"cond-expr","locations":[{"start":{"line":10,"column":58},"end":{"line":10,"column":63}},{"start":{"line":10,"column":66},"end":{"line":10,"column":80}}]},"2":{"loc":{"start":{"line":11,"column":12},"end":{"line":15,"column":null}},"type":"if","locations":[{"start":{"line":11,"column":12},"end":{"line":15,"column":null}},{"start":{"line":13,"column":19},"end":{"line":15,"column":null}}]}},"s":{"0":1,"1":9,"2":9,"3":9,"4":0,"5":0,"6":0,"7":0,"8":9,"9":9,"10":1},"f":{"0":9},"b":{"0":[0,9],"1":[0,0],"2":[0,0]}}
,"/Users/seongsu/DYE_Backend/src/modules/datetime.ts": {"path":"/Users/seongsu/DYE_Backend/src/modules/datetime.ts","statementMap":{"0":{"start":{"line":1,"column":17},"end":{"line":15,"column":1}},"1":{"start":{"line":2,"column":17},"end":{"line":2,"column":52}},"2":{"start":{"line":3,"column":16},"end":{"line":3,"column":30}},"3":{"start":{"line":4,"column":17},"end":{"line":4,"column":34}},"4":{"start":{"line":5,"column":18},"end":{"line":5,"column":32}},"5":{"start":{"line":6,"column":16},"end":{"line":6,"column":29}},"6":{"start":{"line":7,"column":18},"end":{"line":7,"column":66}},"7":{"start":{"line":8,"column":22},"end":{"line":8,"column":37}},"8":{"start":{"line":9,"column":19},"end":{"line":9,"column":35}},"9":{"start":{"line":10,"column":20},"end":{"line":10,"column":34}},"10":{"start":{"line":11,"column":17},"end":{"line":11,"column":55}},"11":{"start":{"line":12,"column":21},"end":{"line":12,"column":48}},"12":{"start":{"line":14,"column":4},"end":{"line":14,"column":90}},"13":{"start":{"line":17,"column":0},"end":{"line":17,"column":24}}},"fnMap":{"0":{"name":"(anonymous_0)","decl":{"start":{"line":1,"column":17},"end":{"line":1,"column":18}},"loc":{"start":{"line":1,"column":32},"end":{"line":15,"column":1}}}},"branchMap":{"0":{"loc":{"start":{"line":11,"column":17},"end":{"line":11,"column":55}},"type":"cond-expr","locations":[{"start":{"line":11,"column":33},"end":{"line":11,"column":45}},{"start":{"line":11,"column":48},"end":{"line":11,"column":55}}]},"1":{"loc":{"start":{"line":12,"column":21},"end":{"line":12,"column":48}},"type":"cond-expr","locations":[{"start":{"line":12,"column":37},"end":{"line":12,"column":41}},{"start":{"line":12,"column":44},"end":{"line":12,"column":48}}]}},"s":{"0":1,"1":0,"2":0,"3":0,"4":0,"5":0,"6":0,"7":0,"8":0,"9":0,"10":0,"11":0,"12":0,"13":1},"f":{"0":0},"b":{"0":[0,0],"1":[0,0]}}
,"/Users/seongsu/DYE_Backend/src/modules/decorator.ts": {"path":"/Users/seongsu/DYE_Backend/src/modules/decorator.ts","statementMap":{"0":{"start":{"line":1,"column":0},"end":{"line":1,"column":45}},"1":{"start":{"line":2,"column":0},"end":{"line":2,"column":26}},"2":{"start":{"line":11,"column":19},"end":{"line":11,"column":39}},"3":{"start":{"line":13,"column":0},"end":{"line":28,"column":2}},"4":{"start":{"line":14,"column":30},"end":{"line":14,"column":60}},"5":{"start":{"line":16,"column":18},"end":{"line":25,"column":6}},"6":{"start":{"line":17,"column":25},"end":{"line":17,"column":71}},"7":{"start":{"line":18,"column":21},"end":{"line":18,"column":31}},"8":{"start":{"line":20,"column":8},"end":{"line":22,"column":null}},"9":{"start":{"line":21,"column":12},"end":{"line":21,"column":46}},"10":{"start":{"line":24,"column":8},"end":{"line":24,"column":23}},"11":{"start":{"line":27,"column":4},"end":{"line":27,"column":22}},"12":{"start":{"line":42,"column":4},"end":{"line":48,"column":6}},"13":{"start":{"line":43,"column":25},"end":{"line":43,"column":70}},"14":{"start":{"line":45,"column":8},"end":{"line":45,"column":52}},"15":{"start":{"line":47,"column":8},"end":{"line":47,"column":61}},"16":{"start":{"line":41,"column":0},"end":{"line":41,"column":16}}},"fnMap":{"0":{"name":"(anonymous_0)","decl":{"start":{"line":13,"column":45},"end":{"line":13,"column":50}},"loc":{"start":{"line":13,"column":50},"end":{"line":28,"column":1}}},"1":{"name":"(anonymous_1)","decl":{"start":{"line":16,"column":31},"end":{"line":16,"column":32}},"loc":{"start":{"line":16,"column":50},"end":{"line":25,"column":5}}},"2":{"name":"VirtualColumn","decl":{"start":{"line":41,"column":16},"end":{"line":41,"column":29}},"loc":{"start":{"line":41,"column":43},"end":{"line":49,"column":1}}},"3":{"name":"(anonymous_3)","decl":{"start":{"line":42,"column":11},"end":{"line":42,"column":12}},"loc":{"start":{"line":42,"column":35},"end":{"line":48,"column":5}}}},"branchMap":{"0":{"loc":{"start":{"line":17,"column":25},"end":{"line":17,"column":71}},"type":"cond-expr","locations":[{"start":{"line":17,"column":65},"end":{"line":17,"column":69}},{"start":{"line":17,"column":69},"end":{"line":17,"column":71}}]},"1":{"loc":{"start":{"line":17,"column":25},"end":{"line":17,"column":69}},"type":"binary-expr","locations":[{"start":{"line":17,"column":25},"end":{"line":17,"column":69}},{"start":{"line":17,"column":65},"end":{"line":17,"column":69}}]},"2":{"loc":{"start":{"line":43,"column":25},"end":{"line":43,"column":70}},"type":"binary-expr","locations":[{"start":{"line":43,"column":25},"end":{"line":43,"column":64}},{"start":{"line":43,"column":68},"end":{"line":43,"column":70}}]},"3":{"loc":{"start":{"line":45,"column":32},"end":{"line":45,"column":51}},"type":"cond-expr","locations":[{"start":{"line":45,"column":32},"end":{"line":45,"column":36}},{"start":{"line":45,"column":40},"end":{"line":45,"column":51}}]},"4":{"loc":{"start":{"line":45,"column":32},"end":{"line":45,"column":40}},"type":"binary-expr","locations":[{"start":{"line":45,"column":32},"end":{"line":45,"column":40}},{"start":{"line":45,"column":32},"end":{"line":45,"column":40}}]}},"s":{"0":1,"1":1,"2":1,"3":1,"4":1,"5":1,"6":143,"7":143,"8":143,"9":143,"10":143,"11":1,"12":1,"13":1,"14":1,"15":1,"16":1},"f":{"0":1,"1":143,"2":1,"3":1},"b":{"0":[143,0],"1":[143,143],"2":[1,1],"3":[0,1],"4":[1,1]}}
,"/Users/seongsu/DYE_Backend/src/modules/env.ts": {"path":"/Users/seongsu/DYE_Backend/src/modules/env.ts","statementMap":{"0":{"start":{"line":1,"column":0},"end":{"line":1,"column":24}},"1":{"start":{"line":2,"column":0},"end":{"line":2,"column":28}},"2":{"start":{"line":4,"column":21},"end":{"line":4,"column":32}},"3":{"start":{"line":6,"column":0},"end":{"line":14,"column":null}},"4":{"start":{"line":7,"column":4},"end":{"line":7,"column":72}},"5":{"start":{"line":8,"column":7},"end":{"line":14,"column":null}},"6":{"start":{"line":9,"column":4},"end":{"line":9,"column":71}},"7":{"start":{"line":10,"column":7},"end":{"line":14,"column":null}},"8":{"start":{"line":11,"column":4},"end":{"line":11,"column":72}},"9":{"start":{"line":13,"column":4},"end":{"line":13,"column":57}},"10":{"start":{"line":16,"column":12},"end":{"line":33,"column":2}},"11":{"start":{"line":35,"column":0},"end":{"line":35,"column":19}}},"fnMap":{},"branchMap":{"0":{"loc":{"start":{"line":6,"column":0},"end":{"line":14,"column":null}},"type":"if","locations":[{"start":{"line":6,"column":0},"end":{"line":14,"column":null}},{"start":{"line":8,"column":7},"end":{"line":14,"column":null}}]},"1":{"loc":{"start":{"line":8,"column":7},"end":{"line":14,"column":null}},"type":"if","locations":[{"start":{"line":8,"column":7},"end":{"line":14,"column":null}},{"start":{"line":10,"column":7},"end":{"line":14,"column":null}}]},"2":{"loc":{"start":{"line":10,"column":7},"end":{"line":14,"column":null}},"type":"if","locations":[{"start":{"line":10,"column":7},"end":{"line":14,"column":null}},{"start":{"line":12,"column":7},"end":{"line":14,"column":null}}]},"3":{"loc":{"start":{"line":17,"column":10},"end":{"line":17,"column":48}},"type":"binary-expr","locations":[{"start":{"line":17,"column":10},"end":{"line":17,"column":40}},{"start":{"line":17,"column":44},"end":{"line":17,"column":48}}]}},"s":{"0":1,"1":1,"2":1,"3":1,"4":0,"5":1,"6":0,"7":1,"8":1,"9":0,"10":1,"11":1},"f":{},"b":{"0":[0,1],"1":[0,1],"2":[1,0],"3":[1,1]}}
,"/Users/seongsu/DYE_Backend/src/modules/error.ts": {"path":"/Users/seongsu/DYE_Backend/src/modules/error.ts","statementMap":{"0":{"start":{"line":2,"column":0},"end":{"line":2,"column":41}},"1":{"start":{"line":3,"column":0},"end":{"line":3,"column":37}},"2":{"start":{"line":4,"column":0},"end":{"line":4,"column":31}},"3":{"start":{"line":5,"column":0},"end":{"line":5,"column":35}},"4":{"start":{"line":6,"column":0},"end":{"line":6,"column":37}},"5":{"start":{"line":8,"column":30},"end":{"line":16,"column":1}},"6":{"start":{"line":9,"column":16},"end":{"line":9,"column":19}},"7":{"start":{"line":10,"column":4},"end":{"line":14,"column":null}},"8":{"start":{"line":11,"column":27},"end":{"line":11,"column":79}},"9":{"start":{"line":12,"column":24},"end":{"line":12,"column":63}},"10":{"start":{"line":13,"column":8},"end":{"line":13,"column":61}},"11":{"start":{"line":15,"column":4},"end":{"line":15,"column":16}},"12":{"start":{"line":8,"column":13},"end":{"line":8,"column":30}},"13":{"start":{"line":18,"column":28},"end":{"line":43,"column":1}},"14":{"start":{"line":19,"column":41},"end":{"line":19,"column":44}},"15":{"start":{"line":21,"column":71},"end":{"line":25,"column":6}},"16":{"start":{"line":27,"column":4},"end":{"line":40,"column":null}},"17":{"start":{"line":28,"column":8},"end":{"line":28,"column":35}},"18":{"start":{"line":29,"column":8},"end":{"line":33,"column":null}},"19":{"start":{"line":30,"column":12},"end":{"line":30,"column":32}},"20":{"start":{"line":32,"column":12},"end":{"line":32,"column":31}},"21":{"start":{"line":35,"column":8},"end":{"line":39,"column":null}},"22":{"start":{"line":36,"column":12},"end":{"line":36,"column":76}},"23":{"start":{"line":38,"column":12},"end":{"line":38,"column":31}},"24":{"start":{"line":42,"column":4},"end":{"line":42,"column":42}},"25":{"start":{"line":18,"column":13},"end":{"line":18,"column":28}},"26":{"start":{"line":45,"column":26},"end":{"line":47,"column":1}},"27":{"start":{"line":45,"column":44},"end":{"line":47,"column":1}},"28":{"start":{"line":46,"column":4},"end":{"line":46,"column":66}},"29":{"start":{"line":46,"column":55},"end":{"line":46,"column":64}},"30":{"start":{"line":45,"column":13},"end":{"line":45,"column":26}}},"fnMap":{"0":{"name":"(anonymous_1)","decl":{"start":{"line":8,"column":30},"end":{"line":8,"column":31}},"loc":{"start":{"line":8,"column":92},"end":{"line":16,"column":1}}},"1":{"name":"(anonymous_2)","decl":{"start":{"line":18,"column":28},"end":{"line":18,"column":29}},"loc":{"start":{"line":18,"column":95},"end":{"line":43,"column":1}}},"2":{"name":"(anonymous_3)","decl":{"start":{"line":45,"column":26},"end":{"line":45,"column":27}},"loc":{"start":{"line":45,"column":44},"end":{"line":47,"column":1}}},"3":{"name":"(anonymous_4)","decl":{"start":{"line":45,"column":44},"end":{"line":45,"column":45}},"loc":{"start":{"line":45,"column":96},"end":{"line":47,"column":1}}},"4":{"name":"(anonymous_5)","decl":{"start":{"line":46,"column":46},"end":{"line":46,"column":47}},"loc":{"start":{"line":46,"column":55},"end":{"line":46,"column":64}}}},"branchMap":{"0":{"loc":{"start":{"line":10,"column":4},"end":{"line":14,"column":null}},"type":"if","locations":[{"start":{"line":10,"column":4},"end":{"line":14,"column":null}}]},"1":{"loc":{"start":{"line":11,"column":27},"end":{"line":11,"column":79}},"type":"binary-expr","locations":[{"start":{"line":11,"column":27},"end":{"line":11,"column":43}},{"start":{"line":11,"column":47},"end":{"line":11,"column":79}}]},"2":{"loc":{"start":{"line":12,"column":24},"end":{"line":12,"column":63}},"type":"binary-expr","locations":[{"start":{"line":12,"column":24},"end":{"line":12,"column":37}},{"start":{"line":12,"column":41},"end":{"line":12,"column":63}}]},"3":{"loc":{"start":{"line":27,"column":4},"end":{"line":40,"column":null}},"type":"if","locations":[{"start":{"line":27,"column":4},"end":{"line":40,"column":null}},{"start":{"line":34,"column":11},"end":{"line":40,"column":null}}]},"4":{"loc":{"start":{"line":29,"column":8},"end":{"line":33,"column":null}},"type":"if","locations":[{"start":{"line":29,"column":8},"end":{"line":33,"column":null}},{"start":{"line":31,"column":15},"end":{"line":33,"column":null}}]},"5":{"loc":{"start":{"line":35,"column":8},"end":{"line":39,"column":null}},"type":"if","locations":[{"start":{"line":35,"column":8},"end":{"line":39,"column":null}},{"start":{"line":37,"column":15},"end":{"line":39,"column":null}}]}},"s":{"0":1,"1":1,"2":1,"3":1,"4":1,"5":1,"6":9,"7":9,"8":0,"9":0,"10":0,"11":9,"12":1,"13":1,"14":9,"15":9,"16":9,"17":9,"18":9,"19":0,"20":9,"21":0,"22":0,"23":0,"24":9,"25":1,"26":1,"27":47,"28":16,"29":9,"30":1},"f":{"0":9,"1":9,"2":47,"3":16,"4":9},"b":{"0":[0],"1":[0,0],"2":[0,0],"3":[9,0],"4":[0,9],"5":[0,0]}}
,"/Users/seongsu/DYE_Backend/src/modules/logger.ts": {"path":"/Users/seongsu/DYE_Backend/src/modules/logger.ts","statementMap":{"0":{"start":{"line":1,"column":0},"end":{"line":1,"column":30}},"1":{"start":{"line":2,"column":0},"end":{"line":2,"column":53}},"2":{"start":{"line":3,"column":0},"end":{"line":3,"column":31}},"3":{"start":{"line":5,"column":39},"end":{"line":5,"column":53}},"4":{"start":{"line":7,"column":18},"end":{"line":23,"column":2}},"5":{"start":{"line":9,"column":8},"end":{"line":11,"column":null}},"6":{"start":{"line":10,"column":12},"end":{"line":10,"column":36}},"7":{"start":{"line":15,"column":8},"end":{"line":21,"column":null}},"8":{"start":{"line":16,"column":12},"end":{"line":20,"column":14}},"9":{"start":{"line":25,"column":18},"end":{"line":27,"column":2}},"10":{"start":{"line":26,"column":4},"end":{"line":26,"column":66}},"11":{"start":{"line":29,"column":21},"end":{"line":33,"column":null}},"12":{"start":{"line":36,"column":17},"end":{"line":49,"column":2}},"13":{"start":{"line":51,"column":16},"end":{"line":64,"column":2}},"14":{"start":{"line":66,"column":16},"end":{"line":79,"column":2}},"15":{"start":{"line":81,"column":16},"end":{"line":94,"column":2}},"16":{"start":{"line":96,"column":17},"end":{"line":109,"column":2}},"17":{"start":{"line":111,"column":15},"end":{"line":139,"column":2}},"18":{"start":{"line":113,"column":8},"end":{"line":113,"column":33}},"19":{"start":{"line":114,"column":8},"end":{"line":114,"column":31}},"20":{"start":{"line":115,"column":8},"end":{"line":115,"column":39}},"21":{"start":{"line":119,"column":8},"end":{"line":119,"column":33}},"22":{"start":{"line":120,"column":8},"end":{"line":120,"column":30}},"23":{"start":{"line":121,"column":8},"end":{"line":121,"column":37}},"24":{"start":{"line":125,"column":8},"end":{"line":125,"column":33}},"25":{"start":{"line":126,"column":8},"end":{"line":126,"column":37}},"26":{"start":{"line":130,"column":8},"end":{"line":130,"column":33}},"27":{"start":{"line":131,"column":8},"end":{"line":131,"column":37}},"28":{"start":{"line":136,"column":12},"end":{"line":136,"column":33}},"29":{"start":{"line":141,"column":0},"end":{"line":141,"column":20}},"30":{"start":{"line":143,"column":0},"end":{"line":143,"column":22}}},"fnMap":{"0":{"name":"(anonymous_1)","decl":{"start":{"line":8,"column":4},"end":{"line":8,"column":9}},"loc":{"start":{"line":8,"column":25},"end":{"line":12,"column":5}}},"1":{"name":"(anonymous_2)","decl":{"start":{"line":14,"column":4},"end":{"line":14,"column":11}},"loc":{"start":{"line":14,"column":11},"end":{"line":22,"column":5}}},"2":{"name":"(anonymous_3)","decl":{"start":{"line":25,"column":25},"end":{"line":25,"column":26}},"loc":{"start":{"line":25,"column":34},"end":{"line":27,"column":1}}},"3":{"name":"(anonymous_4)","decl":{"start":{"line":112,"column":4},"end":{"line":112,"column":9}},"loc":{"start":{"line":112,"column":25},"end":{"line":116,"column":5}}},"4":{"name":"(anonymous_5)","decl":{"start":{"line":118,"column":4},"end":{"line":118,"column":8}},"loc":{"start":{"line":118,"column":24},"end":{"line":122,"column":5}}},"5":{"name":"(anonymous_6)","decl":{"start":{"line":124,"column":4},"end":{"line":124,"column":8}},"loc":{"start":{"line":124,"column":24},"end":{"line":127,"column":5}}},"6":{"name":"(anonymous_7)","decl":{"start":{"line":129,"column":4},"end":{"line":129,"column":8}},"loc":{"start":{"line":129,"column":24},"end":{"line":132,"column":5}}},"7":{"name":"(anonymous_8)","decl":{"start":{"line":135,"column":15},"end":{"line":135,"column":16}},"loc":{"start":{"line":135,"column":35},"end":{"line":137,"column":9}}}},"branchMap":{"0":{"loc":{"start":{"line":9,"column":8},"end":{"line":11,"column":null}},"type":"if","locations":[{"start":{"line":9,"column":8},"end":{"line":11,"column":null}}]},"1":{"loc":{"start":{"line":15,"column":8},"end":{"line":21,"column":null}},"type":"if","locations":[{"start":{"line":15,"column":8},"end":{"line":21,"column":null}}]}},"s":{"0":1,"1":1,"2":1,"3":1,"4":1,"5":25,"6":25,"7":1,"8":0,"9":1,"10":59,"11":1,"12":1,"13":1,"14":1,"15":1,"16":1,"17":1,"18":0,"19":0,"20":0,"21":9,"22":9,"23":9,"24":0,"25":0,"26":16,"27":16,"28":16,"29":1,"30":1},"f":{"0":25,"1":1,"2":59,"3":0,"4":9,"5":0,"6":16,"7":16},"b":{"0":[25],"1":[0]}}
,"/Users/seongsu/DYE_Backend/src/modules/property.ts": {"path":"/Users/seongsu/DYE_Backend/src/modules/property.ts","statementMap":{"0":{"start":{"line":1,"column":0},"end":{"line":1,"column":58}},"1":{"start":{"line":2,"column":0},"end":{"line":2,"column":37}},"2":{"start":{"line":3,"column":0},"end":{"line":3,"column":41}},"3":{"start":{"line":12,"column":26},"end":{"line":12,"column":91}},"4":{"start":{"line":12,"column":60},"end":{"line":12,"column":91}},"5":{"start":{"line":12,"column":13},"end":{"line":12,"column":26}},"6":{"start":{"line":20,"column":27},"end":{"line":35,"column":2}},"7":{"start":{"line":37,"column":27},"end":{"line":37,"column":96}},"8":{"start":{"line":39,"column":27},"end":{"line":49,"column":2}},"9":{"start":{"line":51,"column":27},"end":{"line":60,"column":1}},"10":{"start":{"line":52,"column":27},"end":{"line":52,"column":124}},"11":{"start":{"line":54,"column":4},"end":{"line":58,"column":null}},"12":{"start":{"line":54,"column":17},"end":{"line":54,"column":18}},"13":{"start":{"line":55,"column":8},"end":{"line":57,"column":null}},"14":{"start":{"line":56,"column":12},"end":{"line":56,"column":38}},"15":{"start":{"line":59,"column":4},"end":{"line":59,"column":16}},"16":{"start":{"line":51,"column":13},"end":{"line":51,"column":27}},"17":{"start":{"line":68,"column":22},"end":{"line":88,"column":1}},"18":{"start":{"line":69,"column":4},"end":{"line":85,"column":null}},"19":{"start":{"line":70,"column":8},"end":{"line":84,"column":null}},"20":{"start":{"line":71,"column":12},"end":{"line":71,"column":21}},"21":{"start":{"line":72,"column":15},"end":{"line":84,"column":null}},"22":{"start":{"line":73,"column":12},"end":{"line":77,"column":null}},"23":{"start":{"line":74,"column":16},"end":{"line":74,"column":51}},"24":{"start":{"line":74,"column":38},"end":{"line":74,"column":51}},"25":{"start":{"line":76,"column":16},"end":{"line":76,"column":64}},"26":{"start":{"line":76,"column":51},"end":{"line":76,"column":64}},"27":{"start":{"line":79,"column":12},"end":{"line":83,"column":null}},"28":{"start":{"line":80,"column":16},"end":{"line":80,"column":86}},"29":{"start":{"line":80,"column":73},"end":{"line":80,"column":86}},"30":{"start":{"line":82,"column":16},"end":{"line":82,"column":86}},"31":{"start":{"line":82,"column":73},"end":{"line":82,"column":86}},"32":{"start":{"line":87,"column":4},"end":{"line":87,"column":16}},"33":{"start":{"line":90,"column":22},"end":{"line":110,"column":1}},"34":{"start":{"line":91,"column":4},"end":{"line":107,"column":null}},"35":{"start":{"line":92,"column":8},"end":{"line":106,"column":null}},"36":{"start":{"line":93,"column":12},"end":{"line":93,"column":21}},"37":{"start":{"line":94,"column":15},"end":{"line":106,"column":null}},"38":{"start":{"line":95,"column":12},"end":{"line":95,"column":47}},"39":{"start":{"line":95,"column":34},"end":{"line":95,"column":47}},"40":{"start":{"line":96,"column":15},"end":{"line":106,"column":null}},"41":{"start":{"line":97,"column":12},"end":{"line":97,"column":61}},"42":{"start":{"line":97,"column":48},"end":{"line":97,"column":61}},"43":{"start":{"line":99,"column":12},"end":{"line":105,"column":null}},"44":{"start":{"line":100,"column":16},"end":{"line":100,"column":64}},"45":{"start":{"line":100,"column":51},"end":{"line":100,"column":64}},"46":{"start":{"line":101,"column":19},"end":{"line":105,"column":null}},"47":{"start":{"line":102,"column":16},"end":{"line":102,"column":86}},"48":{"start":{"line":102,"column":73},"end":{"line":102,"column":86}},"49":{"start":{"line":104,"column":16},"end":{"line":104,"column":29}},"50":{"start":{"line":109,"column":4},"end":{"line":109,"column":16}},"51":{"start":{"line":112,"column":22},"end":{"line":137,"column":1}},"52":{"start":{"line":113,"column":4},"end":{"line":134,"column":null}},"53":{"start":{"line":114,"column":8},"end":{"line":133,"column":null}},"54":{"start":{"line":115,"column":12},"end":{"line":115,"column":21}},"55":{"start":{"line":116,"column":15},"end":{"line":133,"column":null}},"56":{"start":{"line":117,"column":12},"end":{"line":117,"column":47}},"57":{"start":{"line":117,"column":34},"end":{"line":117,"column":47}},"58":{"start":{"line":118,"column":15},"end":{"line":133,"column":null}},"59":{"start":{"line":119,"column":62},"end":{"line":119,"column":71}},"60":{"start":{"line":120,"column":37},"end":{"line":120,"column":61}},"61":{"start":{"line":122,"column":12},"end":{"line":122,"column":50}},"62":{"start":{"line":122,"column":37},"end":{"line":122,"column":50}},"63":{"start":{"line":123,"column":12},"end":{"line":126,"column":null}},"64":{"start":{"line":123,"column":25},"end":{"line":123,"column":26}},"65":{"start":{"line":124,"column":16},"end":{"line":124,"column":114}},"66":{"start":{"line":124,"column":101},"end":{"line":124,"column":114}},"67":{"start":{"line":125,"column":16},"end":{"line":125,"column":89}},"68":{"start":{"line":125,"column":76},"end":{"line":125,"column":89}},"69":{"start":{"line":128,"column":12},"end":{"line":132,"column":null}},"70":{"start":{"line":129,"column":16},"end":{"line":129,"column":64}},"71":{"start":{"line":129,"column":51},"end":{"line":129,"column":64}},"72":{"start":{"line":131,"column":16},"end":{"line":131,"column":86}},"73":{"start":{"line":131,"column":73},"end":{"line":131,"column":86}},"74":{"start":{"line":136,"column":4},"end":{"line":136,"column":16}},"75":{"start":{"line":139,"column":24},"end":{"line":148,"column":1}},"76":{"start":{"line":140,"column":4},"end":{"line":140,"column":56}},"77":{"start":{"line":140,"column":43},"end":{"line":140,"column":56}},"78":{"start":{"line":142,"column":4},"end":{"line":145,"column":null}},"79":{"start":{"line":142,"column":17},"end":{"line":142,"column":18}},"80":{"start":{"line":143,"column":59},"end":{"line":143,"column":82}},"81":{"start":{"line":144,"column":8},"end":{"line":144,"column":90}},"82":{"start":{"line":144,"column":77},"end":{"line":144,"column":90}},"83":{"start":{"line":147,"column":4},"end":{"line":147,"column":16}},"84":{"start":{"line":156,"column":21},"end":{"line":168,"column":1}},"85":{"start":{"line":157,"column":4},"end":{"line":167,"column":null}},"86":{"start":{"line":158,"column":8},"end":{"line":158,"column":35}},"87":{"start":{"line":159,"column":11},"end":{"line":167,"column":null}},"88":{"start":{"line":160,"column":8},"end":{"line":160,"column":35}},"89":{"start":{"line":161,"column":11},"end":{"line":167,"column":null}},"90":{"start":{"line":162,"column":8},"end":{"line":162,"column":35}},"91":{"start":{"line":163,"column":11},"end":{"line":167,"column":null}},"92":{"start":{"line":164,"column":8},"end":{"line":164,"column":37}},"93":{"start":{"line":166,"column":8},"end":{"line":166,"column":21}},"94":{"start":{"line":175,"column":29},"end":{"line":186,"column":1}},"95":{"start":{"line":176,"column":4},"end":{"line":185,"column":null}},"96":{"start":{"line":176,"column":17},"end":{"line":176,"column":18}},"97":{"start":{"line":177,"column":8},"end":{"line":184,"column":null}},"98":{"start":{"line":178,"column":12},"end":{"line":178,"column":88}},"99":{"start":{"line":178,"column":31},"end":{"line":178,"column":88}},"100":{"start":{"line":180,"column":12},"end":{"line":180,"column":96}},"101":{"start":{"line":180,"column":39},"end":{"line":180,"column":96}},"102":{"start":{"line":181,"column":12},"end":{"line":183,"column":null}},"103":{"start":{"line":182,"column":16},"end":{"line":182,"column":66}},"104":{"start":{"line":182,"column":47},"end":{"line":182,"column":66}},"105":{"start":{"line":175,"column":13},"end":{"line":175,"column":29}}},"fnMap":{"0":{"name":"(anonymous_1)","decl":{"start":{"line":12,"column":26},"end":{"line":12,"column":30}},"loc":{"start":{"line":12,"column":60},"end":{"line":12,"column":91}}},"1":{"name":"(anonymous_2)","decl":{"start":{"line":51,"column":27},"end":{"line":51,"column":28}},"loc":{"start":{"line":51,"column":108},"end":{"line":60,"column":1}}},"2":{"name":"(anonymous_3)","decl":{"start":{"line":68,"column":22},"end":{"line":68,"column":23}},"loc":{"start":{"line":68,"column":56},"end":{"line":88,"column":1}}},"3":{"name":"(anonymous_4)","decl":{"start":{"line":90,"column":22},"end":{"line":90,"column":23}},"loc":{"start":{"line":90,"column":56},"end":{"line":110,"column":1}}},"4":{"name":"(anonymous_5)","decl":{"start":{"line":112,"column":22},"end":{"line":112,"column":23}},"loc":{"start":{"line":112,"column":64},"end":{"line":137,"column":1}}},"5":{"name":"(anonymous_6)","decl":{"start":{"line":139,"column":24},"end":{"line":139,"column":25}},"loc":{"start":{"line":139,"column":64},"end":{"line":148,"column":1}}},"6":{"name":"(anonymous_7)","decl":{"start":{"line":156,"column":21},"end":{"line":156,"column":22}},"loc":{"start":{"line":156,"column":120},"end":{"line":168,"column":1}}},"7":{"name":"(anonymous_8)","decl":{"start":{"line":175,"column":29},"end":{"line":175,"column":30}},"loc":{"start":{"line":175,"column":53},"end":{"line":186,"column":1}}}},"branchMap":{"0":{"loc":{"start":{"line":52,"column":27},"end":{"line":52,"column":124}},"type":"cond-expr","locations":[{"start":{"line":52,"column":45},"end":{"line":52,"column":53}},{"start":{"line":52,"column":56},"end":{"line":52,"column":124}}]},"1":{"loc":{"start":{"line":52,"column":56},"end":{"line":52,"column":124}},"type":"cond-expr","locations":[{"start":{"line":52,"column":74},"end":{"line":52,"column":82}},{"start":{"line":52,"column":85},"end":{"line":52,
[...]
,"/Users/seongsu/DYE_Backend/src/routes/user.ts": {"path":"/Users/seongsu/DYE_Backend/src/routes/user.ts","statementMap":{"0":{"start":{"line":1,"column":0},"end":{"line":1,"column":33}},"1":{"start":{"line":2,"column":0},"end":{"line":2,"column":47}},"2":{"start":{"line":3,"column":0},"end":{"line":3,"column":47}},"3":{"start":{"line":4,"column":0},"end":{"line":4,"column":49}},"4":{"start":{"line":5,"column":0},"end":{"line":5,"column":55}},"5":{"start":{"line":7,"column":13},"end":{"line":7,"column":37}},"6":{"start":{"line":8,"column":13},"end":{"line":8,"column":39}},"7":{"start":{"line":11,"column":0},"end":{"line":11,"column":41}},"8":{"start":{"line":14,"column":0},"end":{"line":14,"column":58}},"9":{"start":{"line":17,"column":0},"end":{"line":17,"column":52}},"10":{"start":{"line":20,"column":0},"end":{"line":20,"column":37}},"11":{"start":{"line":21,"column":0},"end":{"line":21,"column":40}},"12":{"start":{"line":22,"column":0},"end":{"line":22,"column":42}},"13":{"start":{"line":23,"column":0},"end":{"line":23,"column":43}},"14":{"start":{"line":26,"column":0},"end":{"line":26,"column":59}},"15":{"start":{"line":27,"column":0},"end":{"line":27,"column":77}},"16":{"start":{"line":28,"column":0},"end":{"line":28,"column":66}},"17":{"start":{"line":29,"column":0},"end":{"line":29,"column":76}},"18":{"start":{"line":30,"column":0},"end":{"line":30,"column":87}},"19":{"start":{"line":31,"column":0},"end":{"line":31,"column":89}},"20":{"start":{"line":32,"column":0},"end":{"line":32,"column":77}},"21":{"start":{"line":35,"column":0},"end":{"line":35,"column":54}},"22":{"start":{"line":36,"column":0},"end":{"line":36,"column":65}},"23":{"start":{"line":37,"column":0},"end":{"line":37,"column":64}},"24":{"start":{"line":38,"column":0},"end":{"line":38,"column":65}}},"fnMap":{},"branchMap":{},"s":{"0":1,"1":1,"2":1,"3":1,"4":1,"5":1,"6":1,"7":1,"8":1,"9":1,"10":1,"11":1,"12":1,"13":1,"14":1,"15":1,"16":1,"17":1,"18":1,"19":1,"20":1,"21":1,"22":1,"23":1,"24":1},"f":{},"b":{}}
,"/Users/seongsu/DYE_Backend/src/services/dishService.ts": {"path":"/Users/seongsu/DYE_Backend/src/services/dishService.ts","statementMap":{"0":{"start":{"line":1,"column":0},"end":{"line":1,"column":48}},"1":{"start":{"line":2,"column":0},"end":{"line":2,"column":75}},"2":{"start":{"line":5,"column":30},"end":{"line":15,"column":1}},"3":{"start":{"line":6,"column":4},"end":{"line":6,"column":26}},"4":{"start":{"line":8,"column":21},"end":{"line":8,"column":41}},"5":{"start":{"line":9,"column":19},"end":{"line":9,"column":54}},"6":{"start":{"line":11,"column":4},"end":{"line":14,"column":6}},"7":{"start":{"line":5,"column":13},"end":{"line":5,"column":30}},"8":{"start":{"line":17,"column":28},"end":{"line":24,"column":1}},"9":{"start":{"line":18,"column":4},"end":{"line":18,"column":34}},"10":{"start":{"line":20,"column":21},"end":{"line":20,"column":41}},"11":{"start":{"line":21,"column":17},"end":{"line":21,"column":59}},"12":{"start":{"line":23,"column":4},"end":{"line":23,"column":16}},"13":{"start":{"line":17,"column":13},"end":{"line":17,"column":28}},"14":{"start":{"line":26,"column":26},"end":{"line":31,"column":1}},"15":{"start":{"line":27,"column":21},"end":{"line":27,"column":41}},"16":{"start":{"line":29,"column":4},"end":{"line":29,"column":32}},"17":{"start":{"line":30,"column":4},"end":{"line":30,"column":44}},"18":{"start":{"line":26,"column":13},"end":{"line":26,"column":26}},"19":{"start":{"line":33,"column":26},"end":{"line":39,"column":1}},"20":{"start":{"line":34,"column":4},"end":{"line":34,"column":61}},"21":{"start":{"line":36,"column":21},"end":{"line":36,"column":41}},"22":{"start":{"line":38,"column":4},"end":{"line":38,"column":52}},"23":{"start":{"line":33,"column":13},"end":{"line":33,"column":26}},"24":{"start":{"line":41,"column":26},"end":{"line":47,"column":1}},"25":{"start":{"line":42,"column":4},"end":{"line":42,"column":34}},"26":{"start":{"line":44,"column":21},"end":{"line":44,"column":41}},"27":{"start":{"line":46,"column":4},"end":{"line":46,"column":46}},"28":{"start":{"line":41,"column":13},"end":{"line":41,"column":26}}},"fnMap":{"0":{"name":"(anonymous_0)","decl":{"start":{"line":5,"column":30},"end":{"line":5,"column":35}},"loc":{"start":{"line":5,"column":55},"end":{"line":15,"column":1}}},"1":{"name":"(anonymous_1)","decl":{"start":{"line":17,"column":28},"end":{"line":17,"column":33}},"loc":{"start":{"line":17,"column":69},"end":{"line":24,"column":1}}},"2":{"name":"(anonymous_2)","decl":{"start":{"line":26,"column":26},"end":{"line":26,"column":31}},"loc":{"start":{"line":26,"column":73},"end":{"line":31,"column":1}}},"3":{"name":"(anonymous_3)","decl":{"start":{"line":33,"column":26},"end":{"line":33,"column":31}},"loc":{"start":{"line":33,"column":89},"end":{"line":39,"column":1}}},"4":{"name":"(anonymous_4)","decl":{"start":{"line":41,"column":26},"end":{"line":41,"column":31}},"loc":{"start":{"line":41,"column":67},"end":{"line":47,"column":1}}}},"branchMap":{},"s":{"0":1,"1":1,"2":1,"3":2,"4":1,"5":1,"6":1,"7":1,"8":1,"9":3,"10":1,"11":1,"12":1,"13":1,"14":1,"15":0,"16":0,"17":0,"18":1,"19":1,"20":0,"21":0,"22":0,"23":1,"24":1,"25":0,"26":0,"27":0,"28":1},"f":{"0":2,"1":3,"2":0,"3":0,"4":0},"b":{}}
,"/Users/seongsu/DYE_Backend/src/services/orderService.ts": {"path":"/Users/seongsu/DYE_Backend/src/services/orderService.ts","statementMap":{"0":{"start":{"line":1,"column":0},"end":{"line":1,"column":50}},"1":{"start":{"line":2,"column":0},"end":{"line":2,"column":62}},"2":{"start":{"line":5,"column":28},"end":{"line":13,"column":1}},"3":{"start":{"line":6,"column":22},"end":{"line":6,"column":43}},"4":{"start":{"line":7,"column":21},"end":{"line":7,"column":51}},"5":{"start":{"line":9,"column":4},"end":{"line":12,"column":6}},"6":{"start":{"line":5,"column":13},"end":{"line":5,"column":28}},"7":{"start":{"line":15,"column":29},"end":{"line":25,"column":1}},"8":{"start":{"line":16,"column":4},"end":{"line":16,"column":26}},"9":{"start":{"line":18,"column":22},"end":{"line":18,"column":43}},"10":{"start":{"line":19,"column":22},"end":{"line":19,"column":59}},"11":{"start":{"line":21,"column":4},"end":{"line":24,"column":6}},"12":{"start":{"line":15,"column":13},"end":{"line":15,"column":29}},"13":{"start":{"line":27,"column":29},"end":{"line":37,"column":1}},"14":{"start":{"line":28,"column":4},"end":{"line":28,"column":26}},"15":{"start":{"line":30,"column":22},"end":{"line":30,"column":43}},"16":{"start":{"line":31,"column":22},"end":{"line":31,"column":59}},"17":{"start":{"line":33,"column":4},"end":{"line":36,"column":6}},"18":{"start":{"line":27,"column":13},"end":{"line":27,"column":29}},"19":{"start":{"line":39,"column":28},"end":{"line":46,"column":1}},"20":{"start":{"line":40,"column":4},"end":{"line":40,"column":35}},"21":{"start":{"line":42,"column":22},"end":{"line":42,"column":43}},"22":{"start":{"line":43,"column":22},"end":{"line":43,"column":67}},"23":{"start":{"line":45,"column":4},"end":{"line":45,"column":21}},"24":{"start":{"line":39,"column":13},"end":{"line":39,"column":28}},"25":{"start":{"line":48,"column":27},"end":{"line":54,"column":1}},"26":{"start":{"line":49,"column":4},"end":{"line":49,"column":35}},"27":{"start":{"line":51,"column":22},"end":{"line":51,"column":43}},"28":{"start":{"line":53,"column":4},"end":{"line":53,"column":49}},"29":{"start":{"line":48,"column":13},"end":{"line":48,"column":27}}},"fnMap":{"0":{"name":"(anonymous_0)","decl":{"start":{"line":5,"column":28},"end":{"line":5,"column":33}},"loc":{"start":{"line":5,"column":39},"end":{"line":13,"column":1}}},"1":{"name":"(anonymous_1)","decl":{"start":{"line":15,"column":29},"end":{"line":15,"column":34}},"loc":{"start":{"line":15,"column":54},"end":{"line":25,"column":1}}},"2":{"name":"(anonymous_2)","decl":{"start":{"line":27,"column":29},"end":{"line":27,"column":34}},"loc":{"start":{"line":27,"column":54},"end":{"line":37,"column":1}}},"3":{"name":"(anonymous_3)","decl":{"start":{"line":39,"column":28},"end":{"line":39,"column":33}},"loc":{"start":{"line":39,"column":70},"end":{"line":46,"column":1}}},"4":{"name":"(anonymous_4)","decl":{"start":{"line":48,"column":27},"end":{"line":48,"column":32}},"loc":{"start":{"line":48,"column":69},"end":{"line":54,"column":1}}}},"branchMap":{},"s":{"0":1,"1":1,"2":1,"3":0,"4":0,"5":0,"6":1,"7":1,"8":2,"9":1,"10":1,"11":1,"12":1,"13":1,"14":0,"15":0,"16":0,"17":0,"18":1,"19":1,"20":0,"21":0,"22":0,"23":0,"24":1,"25":1,"26":0,"27":0,"28":0,"29":1},"f":{"0":0,"1":2,"2":0,"3":0,"4":0},"b":{}}
,"/Users/seongsu/DYE_Backend/src/services/shopService.ts": {"path":"/Users/seongsu/DYE_Backend/src/services/shopService.ts","statementMap":{"0":{"start":{"line":1,"column":0},"end":{"line":1,"column":48}},"1":{"start":{"line":2,"column":0},"end":{"line":2,"column":75}},"2":{"start":{"line":5,"column":27},"end":{"line":13,"column":1}},"3":{"start":{"line":6,"column":21},"end":{"line":6,"column":41}},"4":{"start":{"line":7,"column":20},"end":{"line":7,"column":48}},"5":{"start":{"line":9,"column":4},"end":{"line":12,"column":6}},"6":{"start":{"line":5,"column":13},"end":{"line":5,"column":27}},"7":{"start":{"line":15,"column":30},"end":{"line":25,"column":1}},"8":{"start":{"line":16,"column":4},"end":{"line":16,"column":36}},"9":{"start":{"line":18,"column":21},"end":{"line":18,"column":41}},"10":{"start":{"line":19,"column":23},"end":{"line":19,"column":70}},"11":{"start":{"line":21,"column":4},"end":{"line":24,"column":6}},"12":{"start":{"line":15,"column":13},"end":{"line":15,"column":30}},"13":{"start":{"line":27,"column":27},"end":{"line":34,"column":1}},"14":{"start":{"line":28,"column":4},"end":{"line":28,"column":26}},"15":{"start":{"line":30,"column":21},"end":{"line":30,"column":41}},"16":{"start":{"line":31,"column":17},"end":{"line":31,"column":51}},"17":{"start":{"line":33,"column":4},"end":{"line":33,"column":16}},"18":{"start":{"line":27,"column":13},"end":{"line":27,"column":27}},"19":{"start":{"line":36,"column":26},"end":{"line":42,"column":1}},"20":{"start":{"line":37,"column":4},"end":{"line":37,"column":24}},"21":{"start":{"line":39,"column":21},"end":{"line":39,"column":41}},"22":{"start":{"line":41,"column":4},"end":{"line":41,"column":36}},"23":{"start":{"line":36,"column":13},"end":{"line":36,"column":26}},"24":{"start":{"line":44,"column":26},"end":{"line":50,"column":1}},"25":{"start":{"line":45,"column":4},"end":{"line":45,"column":53}},"26":{"start":{"line":47,"column":21},"end":{"line":47,"column":41}},"27":{"start":{"line":49,"column":4},"end":{"line":49,"column":44}},"28":{"start":{"line":44,"column":13},"end":{"line":44,"column":26}},"29":{"start":{"line":52,"column":26},"end":{"line":58,"column":1}},"30":{"start":{"line":53,"column":4},"end":{"line":53,"column":26}},"31":{"start":{"line":55,"column":21},"end":{"line":55,"column":41}},"32":{"start":{"line":57,"column":4},"end":{"line":57,"column":38}},"33":{"start":{"line":52,"column":13},"end":{"line":52,"column":26}}},"fnMap":{"0":{"name":"(anonymous_0)","decl":{"start":{"line":5,"column":27},"end":{"line":5,"column":32}},"loc":{"start":{"line":5,"column":38},"end":{"line":13,"column":1}}},"1":{"name":"(anonymous_1)","decl":{"start":{"line":15,"column":30},"end":{"line":15,"column":35}},"loc":{"start":{"line":15,"column":81},"end":{"line":25,"column":1}}},"2":{"name":"(anonymous_2)","decl":{"start":{"line":27,"column":27},"end":{"line":27,"column":32}},"loc":{"start":{"line":27,"column":52},"end":{"line":34,"column":1}}},"3":{"name":"(anonymous_3)","decl":{"start":{"line":36,"column":26},"end":{"line":36,"column":31}},"loc":{"start":{"line":36,"column":57},"end":{"line":42,"column":1}}},"4":{"name":"(anonymous_4)","decl":{"start":{"line":44,"column":26},"end":{"line":44,"column":31}},"loc":{"start":{"line":44,"column":73},"end":{"line":50,"column":1}}},"5":{"name":"(anonymous_5)","decl":{"start":{"line":52,"column":26},"end":{"line":52,"column":31}},"loc":{"start":{"line":52,"column":51},"end":{"line":58,"column":1}}}},"branchMap":{},"s":{"0":1,"1":1,"2":1,"3":1,"4":1,"5":1,"6":1,"7":1,"8":4,"9":1,"10":1,"11":1,"12":1,"13":1,"14":2,"15":1,"16":1,"17":1,"18":1,"19":1,"20":0,"21":0,"22":0,"23":1,"24":1,"25":0,"26":0,"27":0,"28":1,"29":1,"30":0,"31":0,"32":0,"33":1},"f":{"0":1,"1":4,"2":2,"3":0,"4":0,"5":0},"b":{}}
,"/Users/seongsu/DYE_Backend/src/services/subsService.ts": {"path":"/Users/seongsu/DYE_Backend/src/services/subsService.ts","statementMap":{"0":{"start":{"line":1,"column":0},"end":{"line":1,"column":48}},"1":{"start":{"line":2,"column":0},"end":{"line":2,"column":56}},"2":{"start":{"line":3,"column":0},"end":{"line":3,"column":48}},"3":{"start":{"line":4,"column":0},"end":{"line":4,"column":75}},"4":{"start":{"line":5,"column":0},"end":{"line":5,"column":45}},"5":{"start":{"line":8,"column":27},"end":{"line":16,"column":1}},"6":{"start":{"line":9,"column":21},"end":{"line":9,"column":41}},"7":{"start":{"line":10,"column":21},"end":{"line":10,"column":53}},"8":{"start":{"line":12,"column":4},"end":{"line":15,"column":6}},"9":{"start":{"line":8,"column":13},"end":{"line":8,"column":27}},"10":{"start":{"line":18,"column":28},"end":{"line":28,"column":1}},"11":{"start":{"line":19,"column":4},"end":{"line":19,"column":26}},"12":{"start":{"line":21,"column":21},"end":{"line":21,"column":41}},"13":{"start":{"line":22,"column":21},"end":{"line":22,"column":56}},"14":{"start":{"line":24,"column":4},"end":{"line":27,"column":6}},"15":{"start":{"line":18,"column":13},"end":{"line":18,"column":28}},"16":{"start":{"line":30,"column":28},"end":{"line":36,"column":1}},"17":{"start":{"line":31,"column":4},"end":{"line":31,"column":26}},"18":{"start":{"line":33,"column":21},"end":{"line":33,"column":41}},"19":{"start":{"line":35,"column":4},"end":{"line":35,"column":47}},"20":{"start":{"line":30,"column":13},"end":{"line":30,"column":28}},"21":{"start":{"line":38,"column":27},"end":{"line":44,"column":1}},"22":{"start":{"line":39,"column":4},"end":{"line":39,"column":34}},"23":{"start":{"line":41,"column":21},"end":{"line":41,"column":41}},"24":{"start":{"line":43,"column":4},"end":{"line":43,"column":54}},"25":{"start":{"line":38,"column":13},"end":{"line":38,"column":27}},"26":{"start":{"line":46,"column":26},"end":{"line":61,"column":1}},"27":{"start":{"line":47,"column":4},"end":{"line":47,"column":32}},"28":{"start":{"line":48,"column":4},"end":{"line":48,"column":106}},"29":{"start":{"line":48,"column":89},"end":{"line":48,"column":101}},"30":{"start":{"line":50,"column":27},"end":{"line":50,"column":47}},"31":{"start":{"line":51,"column":31},"end":{"line":51,"column":55}},"32":{"start":{"line":52,"column":28},"end":{"line":52,"column":48}},"33":{"start":{"line":54,"column":17},"end":{"line":54,"column":47}},"34":{"start":{"line":56,"column":4},"end":{"line":60,"column":7}},"35":{"start":{"line":57,"column":21},"end":{"line":57,"column":65}},"36":{"start":{"line":59,"column":8},"end":{"line":59,"column":72}},"37":{"start":{"line":46,"column":13},"end":{"line":46,"column":26}},"38":{"start":{"line":63,"column":30},"end":{"line":69,"column":1}},"39":{"start":{"line":64,"column":4},"end":{"line":64,"column":69}},"40":{"start":{"line":66,"column":21},"end":{"line":66,"column":41}},"41":{"start":{"line":68,"column":4},"end":{"line":68,"column":56}},"42":{"start":{"line":63,"column":13},"end":{"line":63,"column":30}},"43":{"start":{"line":71,"column":30},"end":{"line":77,"column":1}},"44":{"start":{"line":72,"column":4},"end":{"line":72,"column":40}},"45":{"start":{"line":74,"column":21},"end":{"line":74,"column":41}},"46":{"start":{"line":71,"column":13},"end":{"line":71,"column":30}},"47":{"start":{"line":79,"column":37},"end":{"line":85,"column":1}},"48":{"start":{"line":80,"column":4},"end":{"line":80,"column":40}},"49":{"start":{"line":82,"column":21},"end":{"line":82,"column":41}},"50":{"start":{"line":79,"column":13},"end":{"line":79,"column":37}},"51":{"start":{"line":87,"column":26},"end":{"line":93,"column":1}},"52":{"start":{"line":88,"column":4},"end":{"line":88,"column":34}},"53":{"start":{"line":90,"column":21},"end":{"line":90,"column":41}},"54":{"start":{"line":92,"column":4},"end":{"line":92,"column":46}},"55":{"start":{"line":87,"column":13},"end":{"line":87,"column":26}}},"fnMap":{"0":{"name":"(anonymous_1)","decl":{"start":{"line":8,"column":27},"end":{"line":8,"column":32}},"loc":{"start":{"line":8,"column":38},"end":{"line":16,"column":1}}},"1":{"name":"(anonymous_2)","decl":{"start":{"line":18,"column":28},"end":{"line":18,"column":33}},"loc":{"start":{"line":18,"column":53},"end":{"line":28,"column":1}}},"2":{"name":"(anonymous_3)","decl":{"start":{"line":30,"column":28},"end":{"line":30,"column":33}},"loc":{"start":{"line":30,"column":53},"end":{"line":36,"column":1}}},"3":{"name":"(anonymous_4)","decl":{"start":{"line":38,"column":27},"end":{"line":38,"column":32}},"loc":{"start":{"line":38,"column":68},"end":{"line":44,"column":1}}},"4":{"name":"(anonymous_5)","decl":{"start":{"line":46,"column":26},"end":{"line":46,"column":31}},"loc":{"start":{"line":46,"column":81},"end":{"line":61,"column":1}}},"5":{"name":"(anonymous_6)","decl":{"start":{"line":48,"column":78},"end":{"line":48,"column":79}},"loc":{"start":{"line":48,"column":89},"end":{"line":48,"column":101}}},"6":{"name":"(anonymous_7)","decl":{"start":{"line":56,"column":20},"end":{"line":56,"column":25}},"loc":{"start":{"line":56,"column":64},"end":{"line":60,"column":5}}},"7":{"name":"(anonymous_8)","decl":{"start":{"line":63,"column":30},"end":{"line":63,"column":35}},"loc":{"start":{"line":63,"column":101},"end":{"line":69,"column":1}}},"8":{"name":"(anonymous_9)","decl":{"start":{"line":71,"column":30},"end":{"line":71,"column":35}},"loc":{"start":{"line":71,"column":99},"end":{"line":77,"column":1}}},"9":{"name":"(anonymous_10)","decl":{"start":{"line":79,"column":37},"end":{"line":79,"column":42}},"loc":{"start":{"line":79,"column":106},"end":{"line":85,"column":1}}},"10":{"name":"(anonymous_11)","decl":{"start":{"line":87,"column":26},"end":{"line":87,"column":31}},"loc":{"start":{"line":87,"column":67},"end":{"line":93,"column":1}}}},"branchMap":{},"s":{"0":1,"1":1,"2":1,"3":1,"4":1,"5":1,"6":0,"7":0,"8":0,"9":1,"10":1,"11":2,"12":1,"13":1,"14":1,"15":1,"16":1,"17":0,"18":0,"19":0,"20":1,"21":1,"22":0,"23":0,"24":0,"25":1,"26":1,"27":0,"28":0,"29":0,"30":0,"31":0,"32":0,"33":0,"34":0,"35":0,"36":0,"37":1,"38":1,"39":0,"40":0,"41":0,"42":1,"43":1,"44":0,"45":0,"46":1,"47":1,"48":0,"49":0,"50":1,"51":1,"52":0,"53":0,"54":0,"55":1},"f":{"0":0,"1":2,"2":0,"3":0,"4":0,"5":0,"6":0,"7":0,"8":0,"9":0,"10":0},"b":{}}
}
