TN:
SF:ormconfig.ts
FNF:0
FNH:0
DA:1,1
DA:3,1
DA:5,1
LF:3
LH:3
BRF:0
BRH:0
end_of_record
TN:
SF:src/app.ts
FN:32,(anonymous_7)
FN:36,(anonymous_8)
FN:37,(anonymous_9)
FNF:3
FNH:0
FNDA:0,(anonymous_7)
FNDA:0,(anonymous_8)
FNDA:0,(anonymous_9)
DA:1,1
DA:2,1
DA:3,1
DA:4,1
DA:5,1
DA:7,1
DA:9,1
DA:10,1
DA:11,1
DA:13,1
DA:14,1
DA:16,1
DA:21,1
DA:22,1
DA:23,1
DA:24,1
DA:25,1
DA:27,1
DA:28,1
DA:29,1
DA:31,1
DA:32,0
DA:33,0
DA:34,0
DA:35,0
DA:36,0
DA:37,0
DA:41,1
LF:28
LH:22
BRDA:14,0,0,1
BRDA:14,0,1,0
BRDA:31,1,0,0
BRF:3
BRH:1
end_of_record
TN:
SF:src/controllers/admin/info.ts
FN:5,(anonymous_0)
FN:8,(anonymous_1)
FN:11,(anonymous_2)
FN:14,(anonymous_3)
FNF:4
FNH:0
FNDA:0,(anonymous_0)
FNDA:0,(anonymous_1)
FNDA:0,(anonymous_2)
FNDA:0,(anonymous_3)
DA:2,1
DA:5,1
DA:8,1
DA:11,1
DA:14,1
LF:5
LH:5
BRF:0
BRH:0
end_of_record
TN:
SF:src/controllers/admin/retrieve.ts
FN:5,(anonymous_0)
FNF:1
FNH:0
FNDA:0,(anonymous_0)
DA:2,1
DA:5,1
LF:2
LH:2
BRF:0
BRH:0
end_of_record
TN:
SF:src/controllers/auth/phone.ts
FN:5,(anonymous_0)
FN:8,(anonymous_1)
FNF:2
FNH:0
FNDA:0,(anonymous_0)
FNDA:0,(anonymous_1)
DA:2,1
DA:5,1
DA:8,1
LF:3
LH:3
BRF:0
BRH:0
end_of_record
TN:
SF:src/controllers/auth/token.ts
FN:5,(anonymous_0)
FN:8,(anonymous_1)
FN:11,(anonymous_2)
FN:14,(anonymous_3)
FNF:4
FNH:0
FNDA:0,(anonymous_0)
FNDA:0,(anonymous_1)
FNDA:0,(anonymous_2)
FNDA:0,(anonymous_3)
DA:2,1
DA:5,1
DA:8,1
DA:11,1
DA:14,1
LF:5
LH:5
BRF:0
BRH:0
end_of_record
TN:
SF:src/controllers/shop/dish.ts
FN:6,(anonymous_6)
FN:14,(anonymous_7)
FN:23,(anonymous_8)
FN:31,(anonymous_9)
FN:40,(anonymous_10)
FNF:5
FNH:2
FNDA:2,(anonymous_6)
FNDA:3,(anonymous_7)
FNDA:0,(anonymous_8)
FNDA:0,(anonymous_9)
FNDA:0,(anonymous_10)
DA:2,1
DA:3,1
DA:6,1
DA:7,2
DA:8,2
DA:10,1
DA:14,1
DA:15,3
DA:16,3
DA:17,3
DA:19,1
DA:23,1
DA:24,0
DA:26,0
DA:27,0
DA:31,1
DA:32,0
DA:33,0
DA:35,0
DA:36,0
DA:40,1
DA:41,0
DA:42,0
DA:44,0
DA:45,0
LF:25
LH:14
BRF:0
BRH:0
end_of_record
TN:
SF:src/controllers/shop/info.ts
FN:6,(anonymous_6)
FN:14,(anonymous_7)
FN:20,(anonymous_8)
FN:28,(anonymous_9)
FNF:4
FNH:1
FNDA:2,(anonymous_6)
FNDA:0,(anonymous_7)
FNDA:0,(anonymous_8)
FNDA:0,(anonymous_9)
DA:2,1
DA:3,1
DA:6,1
DA:7,2
DA:8,2
DA:10,1
DA:14,1
DA:15,0
DA:16,0
DA:20,1
DA:21,0
DA:23,0
DA:24,0
DA:28,1
DA:29,0
DA:31,0
DA:32,0
LF:17
LH:9
BRF:0
BRH:0
end_of_record
TN:
SF:src/controllers/shop/order.ts
FN:6,(anonymous_6)
FNF:1
FNH:1
FNDA:2,(anonymous_6)
DA:2,1
DA:3,1
DA:6,1
DA:7,2
DA:8,2
DA:10,1
LF:6
LH:6
BRF:0
BRH:0
end_of_record
TN:
SF:src/controllers/shop/post.ts
FN:5,(anonymous_0)
FN:8,(anonymous_1)
FN:11,(anonymous_2)
FN:14,(anonymous_3)
FN:17,(anonymous_4)
FNF:5
FNH:0
FNDA:0,(anonymous_0)
FNDA:0,(anonymous_1)
FNDA:0,(anonymous_2)
FNDA:0,(anonymous_3)
FNDA:0,(anonymous_4)
DA:2,1
DA:5,1
DA:8,1
DA:11,1
DA:14,1
DA:17,1
LF:6
LH:6
BRF:0
BRH:0
end_of_record
TN:
SF:src/controllers/shop/retrieve.ts
FN:9,(anonymous_6)
FN:18,(anonymous_7)
FN:28,(anonymous_8)
FNF:3
FNH:3
FNDA:1,(anonymous_6)
FNDA:4,(anonymous_7)
FNDA:2,(anonymous_8)
DA:2,1
DA:3,1
DA:4,1
DA:9,1
DA:10,1
DA:12,1
DA:18,1
DA:19,4
DA:20,4
DA:21,4
DA:22,4
DA:24,1
DA:28,1
DA:29,2
DA:30,2
DA:32,1
LF:16
LH:16
BRF:0
BRH:0
end_of_record
TN:
SF:src/controllers/user/info.ts
FN:5,(anonymous_0)
FN:8,(anonymous_1)
FN:11,(anonymous_2)
FN:14,(anonymous_3)
FNF:4
FNH:0
FNDA:0,(anonymous_0)
FNDA:0,(anonymous_1)
FNDA:0,(anonymous_2)
FNDA:0,(anonymous_3)
DA:2,1
DA:5,1
DA:8,1
DA:11,1
DA:14,1
LF:5
LH:5
BRF:0
BRH:0
end_of_record
TN:
SF:src/controllers/user/order.ts
FN:6,(anonymous_6)
FN:14,(anonymous_7)
FN:23,(anonymous_8)
FN:26,(anonymous_9)
FNF:4
FNH:0
FNDA:0,(anonymous_6)
FNDA:0,(anonymous_7)
FNDA:0,(anonymous_8)
FNDA:0,(anonymous_9)
DA:2,1
DA:3,1
DA:6,1
DA:7,0
DA:8,0
DA:10,0
DA:14,1
DA:15,0
DA:16,0
DA:17,0
DA:19,0
DA:23,1
DA:26,1
DA:27,0
DA:28,0
DA:30,0
DA:32,0
LF:17
LH:6
BRF:0
BRH:0
end_of_record
TN:
SF:src/controllers/user/retrieve.ts
FN:7,(anonymous_0)
FN:10,(anonymous_1)
FN:17,(anonymous_2)
FNF:3
FNH:0
FNDA:0,(anonymous_0)
FNDA:0,(anonymous_1)
FNDA:0,(anonymous_2)
DA:2,1
DA:3,1
DA:4,1
DA:7,1
DA:10,1
DA:11,0
DA:13,0
DA:17,1
DA:18,0
DA:20,0
LF:10
LH:6
BRF:0
BRH:0
end_of_record
TN:
SF:src/controllers/user/subs.ts
FN:6,(anonymous_6)
FN:14,(anonymous_7)
FN:23,(anonymous_8)
FN:31,(anonymous_9)
FN:40,(anonymous_10)
FN:49,(anonymous_11)
FN:58,(anonymous_12)
FNF:7
FNH:0
FNDA:0,(anonymous_6)
FNDA:0,(anonymous_7)
FNDA:0,(anonymous_8)
FNDA:0,(anonymous_9)
FNDA:0,(anonymous_10)
FNDA:0,(anonymous_11)
FNDA:0,(anonymous_12)
DA:2,1
DA:3,1
DA:6,1
DA:7,0
DA:8,0
DA:10,0
DA:14,1
DA:15,0
DA:16,0
DA:17,0
DA:19,0
DA:23,1
DA:24,0
DA:26,0
DA:27,0
DA:31,1
DA:32,0
DA:33,0
DA:35,0
DA:36,0
DA:40,1
DA:41,0
DA:42,0
DA:44,0
DA:45,0
DA:49,1
DA:50,0
DA:51,0
DA:53,0
DA:54,0
DA:58,1
DA:59,0
DA:60,0
DA:62,0
DA:63,0
LF:35
LH:9
BRF:0
BRH:0
end_of_record
TN:
SF:src/entities/dishes.ts
FN:58,(anonymous_2)
FN:58,(anonymous_3)
FN:61,(anonymous_4)
FN:61,(anonymous_5)
FN:64,(anonymous_6)
FN:64,(anonymous_7)
FN:67,(anonymous_8)
FN:67,(anonymous_9)
FNF:8
FNH:8
FNDA:1,(anonymous_2)
FNDA:1,(anonymous_3)
FNDA:1,(anonymous_4)
FNDA:1,(anonymous_5)
FNDA:1,(anonymous_6)
FNDA:1,(anonymous_7)
FNDA:1,(anonymous_8)
FNDA:1,(anonymous_9)
DA:1,1
DA:12,1
DA:13,1
DA:14,1
DA:15,1
DA:18,1
DA:20,1
DA:23,1
DA:26,1
DA:29,1
DA:32,1
DA:35,1
DA:38,1
DA:41,1
DA:44,1
DA:47,1
DA:50,1
DA:53,1
DA:56,1
DA:58,1
DA:59,1
DA:61,1
DA:62,1
DA:64,1
DA:65,1
DA:67,1
DA:69,1
LF:27
LH:27
BRF:0
BRH:0
end_of_record
TN:
SF:src/entities/orderDishes.ts
FN:55,(anonymous_2)
FN:55,(anonymous_3)
FN:59,(anonymous_4)
FN:59,(anonymous_5)
FNF:4
FNH:4
FNDA:1,(anonymous_2)
FNDA:1,(anonymous_3)
FNDA:1,(anonymous_4)
FNDA:1,(anonymous_5)
DA:1,1
DA:11,1
DA:12,1
DA:15,1
DA:17,1
DA:20,1
DA:23,1
DA:26,1
DA:29,1
DA:32,1
DA:35,1
DA:38,1
DA:41,1
DA:44,1
DA:47,1
DA:50,1
DA:53,1
DA:55,1
DA:57,1
DA:59,1
DA:61,1
LF:21
LH:21
BRF:0
BRH:0
end_of_record
TN:
SF:src/entities/orders.ts
FN:60,(anonymous_2)
FN:60,(anonymous_3)
FN:63,(anonymous_4)
FN:63,(anonymous_5)
FN:67,(anonymous_6)
FN:67,(anonymous_7)
FNF:6
FNH:6
FNDA:1,(anonymous_2)
FNDA:1,(anonymous_3)
FNDA:1,(anonymous_4)
FNDA:1,(anonymous_5)
FNDA:1,(anonymous_6)
FNDA:1,(anonymous_7)
DA:1,1
DA:12,1
DA:13,1
DA:14,1
DA:17,1
DA:19,1
DA:22,1
DA:25,1
DA:28,1
DA:31,1
DA:34,1
DA:37,1
DA:40,1
DA:43,1
DA:46,1
DA:49,1
DA:52,1
DA:55,1
DA:58,1
DA:60,1
DA:61,1
DA:63,1
DA:65,1
DA:67,1
DA:69,1
LF:25
LH:25
BRF:0
BRH:0
end_of_record
TN:
SF:src/entities/shops.ts
FN:69,(anonymous_2)
FN:69,(anonymous_3)
FN:72,(anonymous_4)
FN:72,(anonymous_5)
FN:75,(anonymous_6)
FN:75,(anonymous_7)
FNF:6
FNH:6
FNDA:1,(anonymous_2)
FNDA:1,(anonymous_3)
FNDA:1,(anonymous_4)
FNDA:1,(anonymous_5)
FNDA:1,(anonymous_6)
FNDA:1,(anonymous_7)
DA:1,1
DA:2,1
DA:3,1
DA:4,1
DA:5,1
DA:8,1
DA:10,1
DA:13,1
DA:16,1
DA:19,1
DA:22,1
DA:25,1
DA:28,1
DA:31,1
DA:34,1
DA:37,1
DA:40,1
DA:43,1
DA:46,1
DA:49,1
DA:52,1
DA:55,1
DA:58,1
DA:61,1
DA:64,1
DA:67,1
DA:69,1
DA:70,1
DA:72,1
DA:73,1
DA:75,1
DA:76,1
DA:79,1
LF:33
LH:33
BRF:0
BRH:0
end_of_record
TN:
SF:src/entities/subscriptionDishes.ts
FN:60,(anonymous_2)
FN:60,(anonymous_3)
FN:63,(anonymous_4)
FN:63,(anonymous_5)
FN:71,(anonymous_6)
FN:71,(anonymous_7)
FNF:6
FNH:6
FNDA:1,(anonymous_2)
FNDA:1,(anonymous_3)
FNDA:1,(anonymous_4)
FNDA:1,(anonymous_5)
FNDA:1,(anonymous_6)
FNDA:1,(anonymous_7)
DA:1,1
DA:12,1
DA:13,1
DA:14,1
DA:17,1
DA:19,1
DA:22,1
DA:25,1
DA:28,1
DA:31,1
DA:34,1
DA:37,1
DA:40,1
DA:43,1
DA:46,1
DA:49,1
DA:52,1
DA:55,1
DA:58,1
DA:60,1
DA:61,1
DA:63,1
DA:69,1
DA:71,1
DA:73,1
LF:25
LH:25
BRF:0
BRH:0
end_of_record
TN:
SF:src/entities/subscriptionOnetime.ts
FN:52,(anonymous_2)
FN:52,(anonymous_3)
FN:60,(anonymous_4)
FN:60,(anonymous_5)
FNF:4
FNH:4
FNDA:1,(anonymous_2)
FNDA:1,(anonymous_3)
FNDA:1,(anonymous_4)
FNDA:1,(anonymous_5)
DA:1,1
DA:11,1
DA:12,1
DA:15,1
DA:17,1
DA:20,1
DA:23,1
DA:26,1
DA:29,1
DA:32,1
DA:35,1
DA:38,1
DA:41,1
DA:44,1
DA:47,1
DA:50,1
DA:52,1
DA:58,1
DA:60,1
DA:62,1
LF:20
LH:20
BRF:0
BRH:0
end_of_record
TN:
SF:src/entities/subscriptions.ts
FN:54,(anonymous_2)
FN:54,(anonymous_3)
FN:57,(anonymous_4)
FN:57,(anonymous_5)
FN:61,(anonymous_6)
FN:61,(anonymous_7)
FNF:6
FNH:6
FNDA:1,(anonymous_2)
FNDA:1,(anonymous_3)
FNDA:1,(anonymous_4)
FNDA:1,(anonymous_5)
FNDA:1,(anonymous_6)
FNDA:1,(anonymous_7)
DA:1,1
DA:12,1
DA:13,1
DA:14,1
DA:17,1
DA:19,1
DA:22,1
DA:25,1
DA:28,1
DA:31,1
DA:34,1
DA:37,1
DA:40,1
DA:43,1
DA:46,1
DA:49,1
DA:52,1
DA:54,1
DA:55,1
DA:57,1
DA:59,1
DA:61,1
DA:63,1
LF:23
LH:23
BRF:0
BRH:0
end_of_record
TN:
SF:src/entities/users.ts
FN:49,(anonymous_2)
FN:49,(anonymous_3)
FN:52,(anonymous_4)
FN:52,(anonymous_5)
FNF:4
FNH:4
FNDA:1,(anonymous_2)
FNDA:1,(anonymous_3)
FNDA:1,(anonymous_4)
FNDA:1,(anonymous_5)
DA:1,1
DA:2,1
DA:3,1
DA:6,1
DA:8,1
DA:11,1
DA:14,1
DA:17,1
DA:20,1
DA:23,1
DA:26,1
DA:29,1
DA:32,1
DA:35,1
DA:38,1
DA:41,1
DA:44,1
DA:47,1
DA:49,1
DA:50,1
DA:52,1
DA:53,1
LF:22
LH:22
BRF:0
BRH:0
end_of_record
TN:
SF:src/modules/apiError.ts
FN:6,(anonymous_0)
FNF:1
FNH:1
FNDA:9,(anonymous_0)
DA:1,1
DA:3,1
DA:7,9
DA:8,9
DA:9,9
DA:10,0
DA:11,0
DA:12,0
DA:14,0
DA:17,9
DA:18,9
LF:11
LH:7
BRDA:9,0,0,0
BRDA:9,0,1,9
BRDA:10,1,0,0
BRDA:10,1,1,0
BRDA:11,2,0,0
BRDA:11,2,1,0
BRF:6
BRH:1
end_of_record
TN:
SF:src/modules/datetime.ts
FN:1,(anonymous_0)
FNF:1
FNH:0
FNDA:0,(anonymous_0)
DA:1,1
DA:2,0
DA:3,0
DA:4,0
DA:5,0
DA:6,0
DA:7,0
DA:8,0
DA:9,0
DA:10,0
DA:11,0
DA:12,0
DA:14,0
DA:17,1
LF:14
LH:2
BRDA:11,0,0,0
BRDA:11,0,1,0
BRDA:12,1,0,0
BRDA:12,1,1,0
BRF:4
BRH:0
end_of_record
TN:
SF:src/modules/decorator.ts
FN:13,(anonymous_0)
FN:16,(anonymous_1)
FN:41,VirtualColumn
FN:42,(anonymous_3)
FNF:4
FNH:4
FNDA:1,(anonymous_0)
FNDA:143,(anonymous_1)
FNDA:1,VirtualColumn
FNDA:1,(anonymous_3)
DA:1,1
DA:2,1
DA:11,1
DA:13,1
DA:14,1
DA:16,1
DA:17,143
DA:18,143
DA:20,143
DA:21,143
DA:24,143
DA:27,1
DA:41,1
DA:42,1
DA:43,1
DA:45,1
DA:47,1
LF:17
LH:17
BRDA:17,0,0,143
BRDA:17,0,1,0
BRDA:17,1,0,143
BRDA:17,1,1,143
BRDA:43,2,0,1
BRDA:43,2,1,1
BRDA:45,3,0,0
BRDA:45,3,1,1
BRDA:45,4,0,1
BRDA:45,4,1,1
BRF:10
BRH:8
end_of_record
TN:
SF:src/modules/env.ts
FNF:0
FNH:0
DA:1,1
DA:2,1
DA:4,1
DA:6,1
DA:7,0
DA:8,1
DA:9,0
DA:10,1
DA:11,1
DA:13,0
DA:16,1
DA:35,1
LF:12
LH:9
BRDA:6,0,0,0
BRDA:6,0,1,1
BRDA:8,1,0,0
BRDA:8,1,1,1
BRDA:10,2,0,1
BRDA:10,2,1,0
BRDA:17,3,0,1
BRDA:17,3,1,1
BRF:8
BRH:5
end_of_record
TN:
SF:src/modules/error.ts
FN:8,(anonymous_1)
FN:18,(anonymous_2)
FN:45,(anonymous_3)
FN:45,(anonymous_4)
FN:46,(anonymous_5)
FNF:5
FNH:5
FNDA:9,(anonymous_1)
FNDA:9,(anonymous_2)
FNDA:47,(anonymous_3)
FNDA:16,(anonymous_4)
FNDA:9,(anonymous_5)
DA:2,1
DA:3,1
DA:4,1
DA:5,1
DA:6,1
DA:8,1
DA:9,9
DA:10,9
DA:11,0
DA:12,0
DA:13,0
DA:15,9
DA:18,1
DA:19,9
DA:21,9
DA:27,9
DA:28,9
DA:29,9
DA:30,0
DA:32,9
DA:35,0
DA:36,0
DA:38,0
DA:42,9
DA:45,47
DA:46,16
LF:26
LH:19
BRDA:10,0,0,0
BRDA:11,1,0,0
BRDA:11,1,1,0
BRDA:12,2,0,0
BRDA:12,2,1,0
BRDA:27,3,0,9
BRDA:27,3,1,0
BRDA:29,4,0,0
BRDA:29,4,1,9
BRDA:35,5,0,0
BRDA:35,5,1,0
BRF:11
BRH:2
end_of_record
TN:
SF:src/modules/logger.ts
FN:8,(anonymous_1)
FN:14,(anonymous_2)
FN:25,(anonymous_3)
FN:112,(anonymous_4)
FN:118,(anonymous_5)
FN:124,(anonymous_6)
FN:129,(anonymous_7)
FN:135,(anonymous_8)
FNF:8
FNH:6
FNDA:25,(anonymous_1)
FNDA:1,(anonymous_2)
FNDA:59,(anonymous_3)
FNDA:0,(anonymous_4)
FNDA:9,(anonymous_5)
FNDA:0,(anonymous_6)
FNDA:16,(anonymous_7)
FNDA:16,(anonymous_8)
DA:1,1
DA:2,1
DA:3,1
DA:5,1
DA:7,1
DA:9,25
DA:10,25
DA:15,1
DA:16,0
DA:25,1
DA:26,59
DA:29,1
DA:36,1
DA:51,1
DA:66,1
DA:81,1
DA:96,1
DA:111,1
DA:113,0
DA:114,0
DA:115,0
DA:119,9
DA:120,9
DA:121,9
DA:125,0
DA:126,0
DA:130,16
DA:131,16
DA:136,16
DA:141,1
DA:143,1
LF:31
LH:25
BRDA:9,0,0,25
BRDA:15,1,0,0
BRF:2
BRH:1
end_of_record
TN:
SF:src/modules/property.ts
FN:12,(anonymous_1)
FN:51,(anonymous_2)
FN:68,(anonymous_3)
FN:90,(anonymous_4)
FN:112,(anonymous_5)
FN:139,(anonymous_6)
FN:156,(anonymous_7)
FN:175,(anonymous_8)
FNF:8
FNH:2
FNDA:7,(anonymous_1)
FNDA:0,(anonymous_2)
FNDA:0,(anonymous_3)
FNDA:0,(anonymous_4)
FNDA:0,(anonymous_5)
FNDA:0,(anonymous_6)
FNDA:0,(anonymous_7)
FNDA:15,(anonymous_8)
DA:1,1
DA:2,1
DA:3,1
DA:12,7
DA:20,1
DA:37,1
DA:39,1
DA:51,1
DA:52,0
DA:54,0
DA:55,0
DA:56,0
DA:59,0
DA:68,1
DA:69,0
DA:70,0
DA:71,0
DA:72,0
DA:73,0
DA:74,0
DA:76,0
DA:79,0
DA:80,0
DA:82,0
DA:87,0
DA:90,1
DA:91,0
DA:92,0
DA:93,0
DA:94,0
DA:95,0
DA:96,0
DA:97,0
DA:99,0
DA:100,0
DA:101,0
DA:102,0
DA:104,0
DA:109,0
DA:112,1
DA:113,0
DA:114,0
DA:115,0
DA:116,0
DA:117,0
DA:118,0
DA:119,0
DA:120,0
DA:122,0
DA:123,0
DA:124,0
DA:125,0
DA:128,0
DA:129,0
DA:131,0
DA:136,0
DA:139,1
DA:140,0
DA:142,0
DA:143,0
DA:144,0
DA:147,0
DA:156,1
DA:157,0
DA:158,0
DA:159,0
DA:160,0
DA:161,0
DA:162,0
DA:163,0
DA:164,0
DA:166,0
DA:175,1
DA:176,15
DA:177,22
DA:178,22
DA:180,0
DA:181,0
DA:182,0
LF:79
LH:17
BRDA:52,0,0,0
BRDA:52,0,1,0
BRDA:52,1,0,0
BRDA:52,1,1,0
BRDA:52,2,0,0
BRDA:52,2,1,0
BRDA:55,3,0,0
BRDA:70,4,0,0
BRDA:70,4,1,0
BRDA:72,5,0,0
BRDA:72,5,1,0
BRDA:72,6,0,0
BRDA:72,6,1,0
BRDA:72,6,2,0
BRDA:72,6,3,0
BRDA:73,7,0,0
BRDA:73,7,1,0
BRDA:73,8,0,0
BRDA:73,8,1,0
BRDA:73,8,2,0
BRDA:74,9,0,0
BRDA:76,10,0,0
BRDA:79,11,0,0
BRDA:79,11,1,0
BRDA:79,12,0,0
BRDA:79,12,1,0
BRDA:80,13,0,0
BRDA:80,14,0,0
BRDA:80,14,1,0
BRDA:82,15,0,0
BRDA:82,16,0,0
BRDA:82,16,1,0
BRDA:92,17,0,0
BRDA:92,17,1,0
BRDA:94,18,0,0
BRDA:94,18,1,0
BRDA:94,19,0,0
BRDA:94,19,1,0
BRDA:94,19,2,0
BRDA:95,20,0,0
BRDA:96,21,0,0
BRDA:96,21,1,0
BRDA:96,22,0,0
BRDA:96,22,1,0
BRDA:97,23,0,0
BRDA:99,24,0,0
BRDA:99,24,1,0
BRDA:100,25,0,0
BRDA:101,26,0,0
BRDA:101,26,1,0
BRDA:102,27,0,0
BRDA:102,28,0,0
BRDA:102,28,1,0
BRDA:114,29,0,0
BRDA:114,29,1,0
BRDA:116,30,0,0
BRDA:116,30,1,0
BRDA:116,31,0,0
BRDA:116,31,1,0
BRDA:116,31,2,0
BRDA:117,32,0,0
BRDA:118,33,0,0
BRDA:118,33,1,0
BRDA:122,34,0,0
BRDA:124,35,0,0
BRDA:125,36,0,0
BRDA:125,37,0,0
BRDA:125,37,1,0
BRDA:128,38,0,0
BRDA:128,38,1,0
BRDA:128,39,0,0
BRDA:128,39,1,0
BRDA:129,40,0,0
BRDA:131,41,0,0
BRDA:131,42,0,0
BRDA:131,42,1,0
BRDA:140,43,0,0
BRDA:144,44,0,0
BRDA:144,45,0,0
BRDA:144,45,1,0
BRDA:144,45,2,0
BRDA:157,46,0,0
BRDA:157,46,1,0
BRDA:159,47,0,0
BRDA:159,47,1,0
BRDA:161,48,0,0
BRDA:161,48,1,0
BRDA:163,49,0,0
BRDA:163,49,1,0
BRDA:177,50,0,22
BRDA:177,50,1,0
BRDA:178,51,0,9
BRDA:180,52,0,0
BRDA:182,53,0,0
BRF:94
BRH:2
end_of_record
TN:
SF:src/modules/slack.ts
FN:23,(anonymous_1)
FN:30,(anonymous_2)
FN:38,(anonymous_3)
FN:43,(anonymous_4)
FN:58,(anonymous_5)
FN:99,(anonymous_6)
FN:101,(anonymous_7)
FNF:7
FNH:0
FNDA:0,(anonymous_1)
FNDA:0,(anonymous_2)
FNDA:0,(anonymous_3)
FNDA:0,(anonymous_4)
FNDA:0,(anonymous_5)
FNDA:0,(anonymous_6)
FNDA:0,(anonymous_7)
DA:2,1
DA:3,1
DA:4,1
DA:5,1
DA:15,1
DA:24,0
DA:25,0
DA:26,0
DA:27,0
DA:31,0
DA:32,0
DA:34,0
DA:35,0
DA:39,0
DA:40,0
DA:44,0
DA:58,1
DA:59,0
DA:60,0
DA:96,0
DA:99,1
DA:100,0
DA:101,0
DA:104,1
LF:24
LH:8
BRDA:24,0,0,0
BRDA:24,0,1,0
BRDA:25,1,0,0
BRDA:25,1,1,0
BRDA:31,2,0,0
BRDA:48,3,0,0
BRDA:48,3,1,0
BRF:7
BRH:0
end_of_record
TN:
SF:src/modules/tableCheck.ts
FN:14,(anonymous_1)
FN:34,(anonymous_2)
FN:47,(anonymous_3)
FNF:3
FNH:0
FNDA:0,(anonymous_1)
FNDA:0,(anonymous_2)
FNDA:0,(anonymous_3)
DA:1,1
DA:2,1
DA:3,1
DA:4,1
DA:5,1
DA:6,1
DA:7,1
DA:8,1
DA:9,1
DA:10,1
DA:11,1
DA:14,1
DA:15,0
DA:34,1
DA:35,0
DA:42,0
DA:43,0
DA:47,1
DA:48,0
DA:49,0
DA:50,0
DA:52,0
DA:53,0
DA:55,0
DA:56,0
DA:58,0
DA:59,0
DA:66,1
LF:28
LH:15
BRDA:15,0,0,0
BRDA:15,0,1,0
BRDA:17,1,0,0
BRDA:17,1,1,0
BRDA:19,2,0,0
BRDA:19,2,1,0
BRDA:21,3,0,0
BRDA:21,3,1,0
BRDA:23,4,0,0
BRDA:23,4,1,0
BRDA:25,5,0,0
BRDA:25,5,1,0
BRDA:27,6,0,0
BRDA:27,6,1,0
BRDA:29,7,0,0
BRDA:29,7,1,0
BRDA:42,8,0,0
BRDA:52,9,0,0
BRDA:52,9,1,0
BRDA:55,10,0,0
BRDA:55,10,1,0
BRF:21
BRH:0
end_of_record
TN:
SF:src/repository/dishRepo.ts
FN:6,(anonymous_1)
FN:7,(anonymous_2)
FN:11,(anonymous_3)
FN:18,(anonymous_4)
FN:24,(anonymous_5)
FN:33,(anonymous_6)
FN:37,(anonymous_7)
FNF:7
FNH:3
FNDA:2,(anonymous_1)
FNDA:1,(anonymous_2)
FNDA:1,(anonymous_3)
FNDA:0,(anonymous_4)
FNDA:0,(anonymous_5)
FNDA:0,(anonymous_6)
FNDA:0,(anonymous_7)
DA:1,1
DA:3,1
DA:6,1
DA:7,2
DA:8,1
DA:11,2
DA:12,1
DA:18,2
DA:19,0
DA:21,0
DA:24,2
DA:25,0
DA:33,2
DA:34,0
DA:37,2
DA:38,0
LF:16
LH:11
BRF:0
BRH:0
end_of_record
TN:
SF:src/repository/orderRepo.ts
FN:6,(anonymous_1)
FN:7,(anonymous_2)
FN:15,(anonymous_3)
FN:24,(anonymous_4)
FN:32,(anonymous_5)
FN:40,(anonymous_6)
FN:48,(anonymous_7)
FNF:7
FNH:2
FNDA:1,(anonymous_1)
FNDA:0,(anonymous_2)
FNDA:1,(anonymous_3)
FNDA:0,(anonymous_4)
FNDA:0,(anonymous_5)
FNDA:0,(anonymous_6)
FNDA:0,(anonymous_7)
DA:1,1
DA:2,1
DA:3,1
DA:6,1
DA:7,1
DA:8,0
DA:15,1
DA:16,1
DA:24,1
DA:25,0
DA:32,1
DA:33,0
DA:40,1
DA:41,0
DA:48,1
DA:49,0
LF:16
LH:11
BRF:0
BRH:0
end_of_record
TN:
SF:src/repository/shopRepo.ts
FN:6,(anonymous_1)
FN:7,(anonymous_2)
FN:11,(anonymous_3)
FN:23,(anonymous_4)
FN:30,(anonymous_5)
FN:34,(anonymous_6)
FN:42,(anonymous_7)
FNF:7
FNH:4
FNDA:3,(anonymous_1)
FNDA:1,(anonymous_2)
FNDA:1,(anonymous_3)
FNDA:1,(anonymous_4)
FNDA:0,(anonymous_5)
FNDA:0,(anonymous_6)
FNDA:0,(anonymous_7)
DA:1,1
DA:3,1
DA:6,1
DA:7,3
DA:8,1
DA:11,3
DA:12,1
DA:23,3
DA:24,1
DA:30,3
DA:31,0
DA:34,3
DA:35,0
DA:42,3
DA:43,0
LF:15
LH:12
BRF:0
BRH:0
end_of_record
TN:
SF:src/repository/subsDishRepo.ts
FN:7,(anonymous_1)
FN:8,(anonymous_2)
FN:27,(anonymous_3)
FN:55,(anonymous_4)
FN:99,(anonymous_5)
FN:107,(anonymous_6)
FNF:6
FNH:0
FNDA:0,(anonymous_1)
FNDA:0,(anonymous_2)
FNDA:0,(anonymous_3)
FNDA:0,(anonymous_4)
FNDA:0,(anonymous_5)
FNDA:0,(anonymous_6)
DA:1,1
DA:2,1
DA:3,1
DA:7,1
DA:8,0
DA:9,0
DA:27,0
DA:28,0
DA:37,0
DA:55,0
DA:56,0
DA:65,0
DA:71,0
DA:72,0
DA:82,0
DA:99,0
DA:100,0
DA:107,0
DA:108,0
LF:19
LH:4
BRDA:71,0,0,0
BRF:1
BRH:0
end_of_record
TN:
SF:src/repository/subsRepo.ts
FN:6,(anonymous_1)
FN:7,(anonymous_2)
FN:16,(anonymous_3)
FN:28,(anonymous_4)
FN:37,(anonymous_5)
FN:47,(anonymous_6)
FN:52,(anonymous_7)
FN:61,(anonymous_8)
FN:71,(anonymous_9)
FNF:9
FNH:2
FNDA:1,(anonymous_1)
FNDA:0,(anonymous_2)
FNDA:1,(anonymous_3)
FNDA:0,(anonymous_4)
FNDA:0,(anonymous_5)
FNDA:0,(anonymous_6)
FNDA:0,(anonymous_7)
FNDA:0,(anonymous_8)
FNDA:0,(anonymous_9)
DA:1,1
DA:3,1
DA:6,1
DA:7,1
DA:8,0
DA:16,1
DA:17,1
DA:28,1
DA:29,0
DA:37,1
DA:38,0
DA:47,1
DA:48,0
DA:49,0
DA:52,1
DA:53,0
DA:61,1
DA:62,0
DA:71,1
DA:72,0
LF:20
LH:12
BRF:0
BRH:0
end_of_record
TN:
SF:src/routes/admin.ts
FNF:0
FNH:0
DA:1,1
DA:2,1
DA:3,1
DA:5,1
DA:6,1
DA:9,1
DA:12,1
DA:13,1
DA:14,1
DA:15,1
LF:10
LH:10
BRF:0
BRH:0
end_of_record
TN:
SF:src/routes/auth.ts
FNF:0
FNH:0
DA:1,1
DA:2,1
DA:3,1
DA:5,1
DA:6,1
DA:9,1
DA:10,1
DA:11,1
DA:14,1
DA:17,1
DA:18,1
LF:11
LH:11
BRF:0
BRH:0
end_of_record
TN:
SF:src/routes/index.ts
FNF:0
FNH:0
DA:1,1
DA:2,1
DA:3,1
DA:4,1
DA:5,1
DA:7,1
DA:8,1
DA:10,1
DA:11,1
DA:12,1
DA:13,1
LF:11
LH:11
BRF:0
BRH:0
end_of_record
TN:
SF:src/routes/shop.ts
FNF:0
FNH:0
DA:1,1
DA:2,1
DA:3,1
DA:4,1
DA:5,1
DA:6,1
DA:8,1
DA:9,1
DA:12,1
DA:15,1
DA:18,1
DA:21,1
DA:24,1
DA:25,1
DA:26,1
DA:27,1
DA:30,1
DA:31,1
DA:32,1
DA:33,1
DA:34,1
DA:37,1
DA:38,1
DA:39,1
DA:40,1
DA:41,1
LF:26
LH:26
BRF:0
BRH:0
end_of_record
TN:
SF:src/routes/user.ts
FNF:0
FNH:0
DA:1,1
DA:2,1
DA:3,1
DA:4,1
DA:5,1
DA:7,1
DA:8,1
DA:11,1
DA:14,1
DA:17,1
DA:20,1
DA:21,1
DA:22,1
DA:23,1
DA:26,1
DA:27,1
DA:28,1
DA:29,1
DA:30,1
DA:31,1
DA:32,1
DA:35,1
DA:36,1
DA:37,1
DA:38,1
LF:25
LH:25
BRF:0
BRH:0
end_of_record
TN:
SF:src/services/dishService.ts
FN:5,(anonymous_0)
FN:17,(anonymous_1)
FN:26,(anonymous_2)
FN:33,(anonymous_3)
FN:41,(anonymous_4)
FNF:5
FNH:2
FNDA:2,(anonymous_0)
FNDA:3,(anonymous_1)
FNDA:0,(anonymous_2)
FNDA:0,(anonymous_3)
FNDA:0,(anonymous_4)
DA:1,1
DA:2,1
DA:5,1
DA:6,2
DA:8,1
DA:9,1
DA:11,1
DA:17,1
DA:18,3
DA:20,1
DA:21,1
DA:23,1
DA:26,1
DA:27,0
DA:29,0
DA:30,0
DA:33,1
DA:34,0
DA:36,0
DA:38,0
DA:41,1
DA:42,0
DA:44,0
DA:46,0
LF:24
LH:15
BRF:0
BRH:0
end_of_record
TN:
SF:src/services/orderService.ts
FN:5,(anonymous_0)
FN:15,(anonymous_1)
FN:27,(anonymous_2)
FN:39,(anonymous_3)
FN:48,(anonymous_4)
FNF:5
FNH:1
FNDA:0,(anonymous_0)
FNDA:2,(anonymous_1)
FNDA:0,(anonymous_2)
FNDA:0,(anonymous_3)
FNDA:0,(anonymous_4)
DA:1,1
DA:2,1
DA:5,1
DA:6,0
DA:7,0
DA:9,0
DA:15,1
DA:16,2
DA:18,1
DA:19,1
DA:21,1
DA:27,1
DA:28,0
DA:30,0
DA:31,0
DA:33,0
DA:39,1
DA:40,0
DA:42,0
DA:43,0
DA:45,0
DA:48,1
DA:49,0
DA:51,0
DA:53,0
LF:25
LH:11
BRF:0
BRH:0
end_of_record
TN:
SF:src/services/shopService.ts
FN:5,(anonymous_0)
FN:15,(anonymous_1)
FN:27,(anonymous_2)
FN:36,(anonymous_3)
FN:44,(anonymous_4)
FN:52,(anonymous_5)
FNF:6
FNH:3
FNDA:1,(anonymous_0)
FNDA:4,(anonymous_1)
FNDA:2,(anonymous_2)
FNDA:0,(anonymous_3)
FNDA:0,(anonymous_4)
FNDA:0,(anonymous_5)
DA:1,1
DA:2,1
DA:5,1
DA:6,1
DA:7,1
DA:9,1
DA:15,1
DA:16,4
DA:18,1
DA:19,1
DA:21,1
DA:27,1
DA:28,2
DA:30,1
DA:31,1
DA:33,1
DA:36,1
DA:37,0
DA:39,0
DA:41,0
DA:44,1
DA:45,0
DA:47,0
DA:49,0
DA:52,1
DA:53,0
DA:55,0
DA:57,0
LF:28
LH:19
BRF:0
BRH:0
end_of_record
TN:
SF:src/services/subsService.ts
FN:8,(anonymous_1)
FN:18,(anonymous_2)
FN:30,(anonymous_3)
FN:38,(anonymous_4)
FN:46,(anonymous_5)
FN:48,(anonymous_6)
FN:56,(anonymous_7)
FN:63,(anonymous_8)
FN:71,(anonymous_9)
FN:79,(anonymous_10)
FN:87,(anonymous_11)
FNF:11
FNH:1
FNDA:0,(anonymous_1)
FNDA:2,(anonymous_2)
FNDA:0,(anonymous_3)
FNDA:0,(anonymous_4)
FNDA:0,(anonymous_5)
FNDA:0,(anonymous_6)
FNDA:0,(anonymous_7)
FNDA:0,(anonymous_8)
FNDA:0,(anonymous_9)
FNDA:0,(anonymous_10)
FNDA:0,(anonymous_11)
DA:1,1
DA:2,1
DA:3,1
DA:4,1
DA:5,1
DA:8,1
DA:9,0
DA:10,0
DA:12,0
DA:18,1
DA:19,2
DA:21,1
DA:22,1
DA:24,1
DA:30,1
DA:31,0
DA:33,0
DA:35,0
DA:38,1
DA:39,0
DA:41,0
DA:43,0
DA:46,1
DA:47,0
DA:48,0
DA:50,0
DA:51,0
DA:52,0
DA:54,0
DA:56,0
DA:57,0
DA:59,0
DA:63,1
DA:64,0
DA:66,0
DA:68,0
DA:71,1
DA:72,0
DA:74,0
DA:79,1
DA:80,0
DA:82,0
DA:87,1
DA:88,0
DA:90,0
DA:92,0
LF:46
LH:18
BRF:0
BRH:0
end_of_record
